

Microchip MPLAB XC8 Assembler V2.10 build 88905656 
                                                                                               Sun Mar 15 18:46:41 2020

Microchip MPLAB XC8 C Compiler v2.10 (Free license) build 20190730164152 Og1 
     1                           	processor	16F887
     2                           	opt	pw 120
     3                           	opt	flic
     4                           	psect	cinit,global,class=CODE,merge=1,delta=2
     5                           	psect	bssCOMMON,global,class=COMMON,space=1,delta=1
     6                           	psect	cstackCOMMON,global,class=COMMON,space=1,delta=1
     7                           	psect	maintext,global,class=CODE,split=1,delta=2
     8                           	psect	text1,local,class=CODE,merge=1,delta=2
     9                           	psect	text2,local,class=CODE,merge=1,delta=2
    10                           	psect	intentry,global,class=CODE,delta=2
    11                           	dabs	1,0x7E,2
    12  0000                     
    13                           ; Version 2.10
    14                           ; Generated 31/07/2019 GMT
    15                           ; 
    16                           ; Copyright © 2019, Microchip Technology Inc. and its subsidiaries ("Microchip")
    17                           ; All rights reserved.
    18                           ; 
    19                           ; This software is developed by Microchip Technology Inc. and its subsidiaries ("Microch
      +                          ip").
    20                           ; 
    21                           ; Redistribution and use in source and binary forms, with or without modification, are
    22                           ; permitted provided that the following conditions are met:
    23                           ; 
    24                           ;     1. Redistributions of source code must retain the above copyright notice, this lis
      +                          t of
    25                           ;        conditions and the following disclaimer.
    26                           ; 
    27                           ;     2. Redistributions in binary form must reproduce the above copyright notice, this 
      +                          list
    28                           ;        of conditions and the following disclaimer in the documentation and/or other
    29                           ;        materials provided with the distribution.
    30                           ; 
    31                           ;     3. Microchip's name may not be used to endorse or promote products derived from th
      +                          is
    32                           ;        software without specific prior written permission.
    33                           ; 
    34                           ; THIS SOFTWARE IS PROVIDED BY MICROCHIP "AS IS" AND ANY EXPRESS OR IMPLIED WARRANTIES,
    35                           ; INCLUDING, BUT NOT LIMITED TO, THE IMPLIED WARRANTIES OF MERCHANTABILITY AND FITNESS F
      +                          OR
    36                           ; PURPOSE ARE DISCLAIMED.  IN NO EVENT SHALL MICROCHIP BE LIABLE FOR ANY DIRECT, INDIREC
      +                          T,
    37                           ; INCIDENTAL, SPECIAL, EXEMPLARY, OR CONSEQUENTIAL DAMAGES (INCLUDING BUT NOT LIMITED TO
    38                           ; PROCUREMENT OF SUBSTITUTE GOODS OR SERVICES; LOSS OF USE, DATA OR PROFITS; OR BUSINESS
    39                           ; INTERRUPTION) HOWSOEVER CAUSED AND ON ANY THEORY OF LIABILITY, WHETHER IN CONTRACT, ST
      +                          RICT
    40                           ; LIABILITY, OR TORT (INCLUDING NEGLIGENCE OR OTHERWISE) ARISING IN ANY WAY OUT OF THE U
      +                          SE OF
    41                           ; THIS SOFTWARE, EVEN IF ADVISED OF THE POSSIBILITY OF SUCH DAMAGE.
    42                           ; 
    43                           ; 
    44                           ; Code-generator required, PIC16F887 Definitions
    45                           ; 
    46                           ; SFR Addresses
    47  0000                     	;# 
    48  0001                     	;# 
    49  0002                     	;# 
    50  0003                     	;# 
    51  0004                     	;# 
    52  0005                     	;# 
    53  0006                     	;# 
    54  0007                     	;# 
    55  0008                     	;# 
    56  0009                     	;# 
    57  000A                     	;# 
    58  000B                     	;# 
    59  000C                     	;# 
    60  000D                     	;# 
    61  000E                     	;# 
    62  000E                     	;# 
    63  000F                     	;# 
    64  0010                     	;# 
    65  0011                     	;# 
    66  0012                     	;# 
    67  0013                     	;# 
    68  0014                     	;# 
    69  0015                     	;# 
    70  0015                     	;# 
    71  0016                     	;# 
    72  0017                     	;# 
    73  0018                     	;# 
    74  0019                     	;# 
    75  001A                     	;# 
    76  001B                     	;# 
    77  001B                     	;# 
    78  001C                     	;# 
    79  001D                     	;# 
    80  001E                     	;# 
    81  001F                     	;# 
    82  0081                     	;# 
    83  0085                     	;# 
    84  0086                     	;# 
    85  0087                     	;# 
    86  0088                     	;# 
    87  0089                     	;# 
    88  008C                     	;# 
    89  008D                     	;# 
    90  008E                     	;# 
    91  008F                     	;# 
    92  0090                     	;# 
    93  0091                     	;# 
    94  0092                     	;# 
    95  0093                     	;# 
    96  0093                     	;# 
    97  0093                     	;# 
    98  0094                     	;# 
    99  0095                     	;# 
   100  0096                     	;# 
   101  0097                     	;# 
   102  0098                     	;# 
   103  0099                     	;# 
   104  009A                     	;# 
   105  009B                     	;# 
   106  009C                     	;# 
   107  009D                     	;# 
   108  009E                     	;# 
   109  009F                     	;# 
   110  0105                     	;# 
   111  0107                     	;# 
   112  0108                     	;# 
   113  0109                     	;# 
   114  010C                     	;# 
   115  010C                     	;# 
   116  010D                     	;# 
   117  010E                     	;# 
   118  010F                     	;# 
   119  0185                     	;# 
   120  0187                     	;# 
   121  0188                     	;# 
   122  0189                     	;# 
   123  018C                     	;# 
   124  018D                     	;# 
   125  0000                     	;# 
   126  0001                     	;# 
   127  0002                     	;# 
   128  0003                     	;# 
   129  0004                     	;# 
   130  0005                     	;# 
   131  0006                     	;# 
   132  0007                     	;# 
   133  0008                     	;# 
   134  0009                     	;# 
   135  000A                     	;# 
   136  000B                     	;# 
   137  000C                     	;# 
   138  000D                     	;# 
   139  000E                     	;# 
   140  000E                     	;# 
   141  000F                     	;# 
   142  0010                     	;# 
   143  0011                     	;# 
   144  0012                     	;# 
   145  0013                     	;# 
   146  0014                     	;# 
   147  0015                     	;# 
   148  0015                     	;# 
   149  0016                     	;# 
   150  0017                     	;# 
   151  0018                     	;# 
   152  0019                     	;# 
   153  001A                     	;# 
   154  001B                     	;# 
   155  001B                     	;# 
   156  001C                     	;# 
   157  001D                     	;# 
   158  001E                     	;# 
   159  001F                     	;# 
   160  0081                     	;# 
   161  0085                     	;# 
   162  0086                     	;# 
   163  0087                     	;# 
   164  0088                     	;# 
   165  0089                     	;# 
   166  008C                     	;# 
   167  008D                     	;# 
   168  008E                     	;# 
   169  008F                     	;# 
   170  0090                     	;# 
   171  0091                     	;# 
   172  0092                     	;# 
   173  0093                     	;# 
   174  0093                     	;# 
   175  0093                     	;# 
   176  0094                     	;# 
   177  0095                     	;# 
   178  0096                     	;# 
   179  0097                     	;# 
   180  0098                     	;# 
   181  0099                     	;# 
   182  009A                     	;# 
   183  009B                     	;# 
   184  009C                     	;# 
   185  009D                     	;# 
   186  009E                     	;# 
   187  009F                     	;# 
   188  0105                     	;# 
   189  0107                     	;# 
   190  0108                     	;# 
   191  0109                     	;# 
   192  010C                     	;# 
   193  010C                     	;# 
   194  010D                     	;# 
   195  010E                     	;# 
   196  010F                     	;# 
   197  0185                     	;# 
   198  0187                     	;# 
   199  0188                     	;# 
   200  0189                     	;# 
   201  018C                     	;# 
   202  018D                     	;# 
   203  0012                     _T2CONbits	set	18
   204  0007                     _PORTCbits	set	7
   205  000B                     _INTCON	set	11
   206  001D                     _CCP2CONbits	set	29
   207  001B                     _CCPR2L	set	27
   208  0006                     _PORTBbits	set	6
   209  000C                     _PIR1bits	set	12
   210  0092                     _PR2	set	146
   211  008C                     _PIE1bits	set	140
   212  0086                     _TRISBbits	set	134
   213  008F                     _OSCCONbits	set	143
   214  0087                     _TRISCbits	set	135
   215  0189                     _ANSELH	set	393
   216  0188                     _ANSEL	set	392
   217                           
   218                           ; #config settings
   219  0000                     
   220                           	psect	cinit
   221  000F                     start_initialization:	
   222  000F                     __initialization:	
   223                           
   224                           ; Clear objects allocated to COMMON
   225  000F  01F0               	clrf	__pbssCOMMON& (0+127)
   226  0010  01F1               	clrf	(__pbssCOMMON+1)& (0+127)
   227  0011  01F2               	clrf	(__pbssCOMMON+2)& (0+127)
   228  0012  01F3               	clrf	(__pbssCOMMON+3)& (0+127)
   229  0013  01F4               	clrf	(__pbssCOMMON+4)& (0+127)
   230  0014                     end_of_initialization:	
   231                           ;End of C runtime variable initialization code
   232                           
   233  0014                     __end_of__initialization:	
   234  0014  0183               	clrf	3
   235  0015  120A  118A  2843   	ljmp	_main	;jump to C main() function
   236                           
   237                           	psect	bssCOMMON
   238  0070                     __pbssCOMMON:	
   239  0070                     _var1:	
   240  0070                     	ds	1
   241  0071                     _open:	
   242  0071                     	ds	1
   243  0072                     _close:	
   244  0072                     	ds	1
   245  0073                     _ADCval:	
   246  0073                     	ds	1
   247  0074                     _ADCvalant:	
   248  0074                     	ds	1
   249                           
   250                           	psect	cstackCOMMON
   251  0075                     __pcstackCOMMON:	
   252  0075                     ?_setup:	
   253  0075                     ?_ISR:	
   254                           ; 1 bytes @ 0x0
   255                           
   256  0075                     ??_ISR:	
   257                           ; 1 bytes @ 0x0
   258                           
   259  0075                     ?_main:	
   260                           ; 1 bytes @ 0x0
   261                           
   262                           
   263                           ; 1 bytes @ 0x0
   264  0075                     	ds	2
   265  0077                     ??_setup:	
   266  0077                     ??_main:	
   267                           ; 1 bytes @ 0x2
   268                           
   269                           
   270                           	psect	maintext
   271  0043                     __pmaintext:	
   272                           ; 1 bytes @ 0x2
   273 ;;
   274 ;;Main: autosize = 0, tempsize = 0, incstack = 0, save=0
   275 ;;
   276 ;; *************** function _main *****************
   277 ;; Defined at:
   278 ;;		line 42 in file "ServoP1.c"
   279 ;; Parameters:    Size  Location     Type
   280 ;;		None
   281 ;; Auto vars:     Size  Location     Type
   282 ;;		None
   283 ;; Return value:  Size  Location     Type
   284 ;;                  1    wreg      void 
   285 ;; Registers used:
   286 ;;		wreg, status,2, status,0, pclath, cstack
   287 ;; Tracked objects:
   288 ;;		On entry : B00/0
   289 ;;		On exit  : 0/0
   290 ;;		Unchanged: 0/0
   291 ;; Data sizes:     COMMON   BANK0   BANK1   BANK3   BANK2
   292 ;;      Params:         0       0       0       0       0
   293 ;;      Locals:         0       0       0       0       0
   294 ;;      Temps:          0       0       0       0       0
   295 ;;      Totals:         0       0       0       0       0
   296 ;;Total ram usage:        0 bytes
   297 ;; Hardware stack levels required when called:    2
   298 ;; This function calls:
   299 ;;		_setup
   300 ;; This function is called by:
   301 ;;		Startup code after reset
   302 ;; This function uses a non-reentrant model
   303 ;;
   304                           
   305                           
   306                           ;psect for function _main
   307  0043                     _main:	
   308  0043                     l688:	
   309                           ;incstack = 0
   310                           ; Regs used in _main: [wreg+status,2+status,0+pclath+cstack]
   311                           
   312                           
   313                           ;ServoP1.c: 43:     setup();
   314  0043  120A  118A  2018  120A  118A  	fcall	_setup
   315  0048                     l690:	
   316                           
   317                           ;ServoP1.c: 46:         if (PORTBbits.RB7 == 0){
   318  0048  1283               	bcf	3,5	;RP0=0, select bank0
   319  0049  1303               	bcf	3,6	;RP1=0, select bank0
   320  004A  1B86               	btfsc	6,7	;volatile
   321  004B  284D               	goto	u21
   322  004C  284E               	goto	u20
   323  004D                     u21:	
   324  004D  2853               	goto	l53
   325  004E                     u20:	
   326  004E                     l692:	
   327                           
   328                           ;ServoP1.c: 47:             CCPR2L = 0b00000100;
   329  004E  3004               	movlw	4
   330  004F  009B               	movwf	27	;volatile
   331  0050                     l694:	
   332                           
   333                           ;ServoP1.c: 48:             CCP2CONbits.DC2B0 = 1;
   334  0050  161D               	bsf	29,4	;volatile
   335  0051                     l696:	
   336                           
   337                           ;ServoP1.c: 49:             CCP2CONbits.DC2B1 = 0;
   338  0051  129D               	bcf	29,5	;volatile
   339                           
   340                           ;ServoP1.c: 50:         }
   341  0052  2848               	goto	l690
   342  0053                     l53:	
   343                           ;ServoP1.c: 52:         else if (PORTBbits.RB7 == 1){
   344                           
   345  0053  1F86               	btfss	6,7	;volatile
   346  0054  2856               	goto	u31
   347  0055  2857               	goto	u30
   348  0056                     u31:	
   349  0056  285C               	goto	l54
   350  0057                     u30:	
   351  0057                     l698:	
   352                           
   353                           ;ServoP1.c: 53:             CCPR2L = 0b00001011;
   354  0057  300B               	movlw	11
   355  0058  009B               	movwf	27	;volatile
   356  0059                     l700:	
   357                           
   358                           ;ServoP1.c: 54:             CCP2CONbits.DC2B0 = 1;
   359  0059  161D               	bsf	29,4	;volatile
   360  005A                     l702:	
   361                           
   362                           ;ServoP1.c: 55:             CCP2CONbits.DC2B1 = 1;
   363  005A  169D               	bsf	29,5	;volatile
   364                           
   365                           ;ServoP1.c: 56:         }
   366  005B  2848               	goto	l690
   367  005C                     l54:	
   368  005C  2848               	goto	l690
   369  005D  120A  118A  280C   	ljmp	start
   370  0060                     __end_of_main:	
   371                           
   372                           	psect	text1
   373  0018                     __ptext1:	
   374 ;; *************** function _setup *****************
   375 ;; Defined at:
   376 ;;		line 63 in file "ServoP1.c"
   377 ;; Parameters:    Size  Location     Type
   378 ;;		None
   379 ;; Auto vars:     Size  Location     Type
   380 ;;		None
   381 ;; Return value:  Size  Location     Type
   382 ;;                  1    wreg      void 
   383 ;; Registers used:
   384 ;;		wreg, status,2, status,0
   385 ;; Tracked objects:
   386 ;;		On entry : 0/0
   387 ;;		On exit  : 0/0
   388 ;;		Unchanged: 0/0
   389 ;; Data sizes:     COMMON   BANK0   BANK1   BANK3   BANK2
   390 ;;      Params:         0       0       0       0       0
   391 ;;      Locals:         0       0       0       0       0
   392 ;;      Temps:          0       0       0       0       0
   393 ;;      Totals:         0       0       0       0       0
   394 ;;Total ram usage:        0 bytes
   395 ;; Hardware stack levels used:    1
   396 ;; Hardware stack levels required when called:    1
   397 ;; This function calls:
   398 ;;		Nothing
   399 ;; This function is called by:
   400 ;;		_main
   401 ;; This function uses a non-reentrant model
   402 ;;
   403                           
   404                           
   405                           ;psect for function _setup
   406  0018                     _setup:	
   407  0018                     l654:	
   408                           ;incstack = 0
   409                           ; Regs used in _setup: [wreg+status,2+status,0]
   410                           
   411                           
   412                           ;ServoP1.c: 65:     ANSEL = 0;
   413  0018  1683               	bsf	3,5	;RP0=1, select bank3
   414  0019  1703               	bsf	3,6	;RP1=1, select bank3
   415  001A  0188               	clrf	8	;volatile
   416                           
   417                           ;ServoP1.c: 66:     ANSELH = 0;
   418  001B  0189               	clrf	9	;volatile
   419  001C                     l656:	
   420                           
   421                           ;ServoP1.c: 68:     OSCCONbits.IRCF = 3;
   422  001C  1683               	bsf	3,5	;RP0=1, select bank1
   423  001D  1303               	bcf	3,6	;RP1=0, select bank1
   424  001E  080F               	movf	15,w	;volatile
   425  001F  398F               	andlw	-113
   426  0020  3830               	iorlw	48
   427  0021  008F               	movwf	15	;volatile
   428  0022                     l658:	
   429                           
   430                           ;ServoP1.c: 70:     TRISBbits.TRISB7 = 1;
   431  0022  1786               	bsf	6,7	;volatile
   432  0023                     l660:	
   433                           
   434                           ;ServoP1.c: 72:     INTCON = 0b11000000;
   435  0023  30C0               	movlw	192
   436  0024  008B               	movwf	11	;volatile
   437  0025                     l662:	
   438                           
   439                           ;ServoP1.c: 73:     TRISCbits.TRISC1 = 0;
   440  0025  1087               	bcf	7,1	;volatile
   441  0026                     l664:	
   442                           
   443                           ;ServoP1.c: 74:     PORTCbits.RC1 = 0;
   444  0026  1283               	bcf	3,5	;RP0=0, select bank0
   445  0027  1303               	bcf	3,6	;RP1=0, select bank0
   446  0028  1087               	bcf	7,1	;volatile
   447  0029                     l666:	
   448                           
   449                           ;ServoP1.c: 76:     T2CONbits.T2CKPS = 2;
   450  0029  0812               	movf	18,w	;volatile
   451  002A  39FC               	andlw	-4
   452  002B  3802               	iorlw	2
   453  002C  0092               	movwf	18	;volatile
   454  002D                     l668:	
   455                           
   456                           ;ServoP1.c: 77:     PIE1bits.TMR2IE = 1;
   457  002D  1683               	bsf	3,5	;RP0=1, select bank1
   458  002E  1303               	bcf	3,6	;RP1=0, select bank1
   459  002F  148C               	bsf	12,1	;volatile
   460  0030                     l670:	
   461                           
   462                           ;ServoP1.c: 78:     PIR1bits.TMR2IF = 0;
   463  0030  1283               	bcf	3,5	;RP0=0, select bank0
   464  0031  1303               	bcf	3,6	;RP1=0, select bank0
   465  0032  108C               	bcf	12,1	;volatile
   466  0033                     l672:	
   467                           
   468                           ;ServoP1.c: 80:     PR2 = 156;
   469  0033  309C               	movlw	156
   470  0034  1683               	bsf	3,5	;RP0=1, select bank1
   471  0035  1303               	bcf	3,6	;RP1=0, select bank1
   472  0036  0092               	movwf	18	;volatile
   473  0037                     l674:	
   474                           
   475                           ;ServoP1.c: 81:     CCP2CONbits.CCP2M = 12;
   476  0037  1283               	bcf	3,5	;RP0=0, select bank0
   477  0038  1303               	bcf	3,6	;RP1=0, select bank0
   478  0039  081D               	movf	29,w	;volatile
   479  003A  39F0               	andlw	-16
   480  003B  380C               	iorlw	12
   481  003C  009D               	movwf	29	;volatile
   482  003D                     l676:	
   483                           
   484                           ;ServoP1.c: 85:     CCPR2L = 0b00000100;
   485  003D  3004               	movlw	4
   486  003E  009B               	movwf	27	;volatile
   487  003F                     l678:	
   488                           
   489                           ;ServoP1.c: 86:     CCP2CONbits.DC2B0 = 1;
   490  003F  161D               	bsf	29,4	;volatile
   491  0040                     l680:	
   492                           
   493                           ;ServoP1.c: 87:     CCP2CONbits.DC2B1 = 0;
   494  0040  129D               	bcf	29,5	;volatile
   495  0041                     l682:	
   496                           
   497                           ;ServoP1.c: 88:     T2CONbits.TMR2ON = 1;
   498  0041  1512               	bsf	18,2	;volatile
   499  0042                     l62:	
   500  0042  0008               	return
   501  0043                     __end_of_setup:	
   502                           
   503                           	psect	text2
   504  0060                     __ptext2:	
   505 ;; *************** function _ISR *****************
   506 ;; Defined at:
   507 ;;		line 31 in file "ServoP1.c"
   508 ;; Parameters:    Size  Location     Type
   509 ;;		None
   510 ;; Auto vars:     Size  Location     Type
   511 ;;		None
   512 ;; Return value:  Size  Location     Type
   513 ;;                  1    wreg      void 
   514 ;; Registers used:
   515 ;;		None
   516 ;; Tracked objects:
   517 ;;		On entry : 0/0
   518 ;;		On exit  : 0/0
   519 ;;		Unchanged: 0/0
   520 ;; Data sizes:     COMMON   BANK0   BANK1   BANK3   BANK2
   521 ;;      Params:         0       0       0       0       0
   522 ;;      Locals:         0       0       0       0       0
   523 ;;      Temps:          2       0       0       0       0
   524 ;;      Totals:         2       0       0       0       0
   525 ;;Total ram usage:        2 bytes
   526 ;; Hardware stack levels used:    1
   527 ;; This function calls:
   528 ;;		Nothing
   529 ;; This function is called by:
   530 ;;		Interrupt level 1
   531 ;; This function uses a non-reentrant model
   532 ;;
   533                           
   534                           
   535                           ;psect for function _ISR
   536  0060                     _ISR:	
   537  0060                     i1l684:	
   538                           
   539                           ;ServoP1.c: 32:     if (PIR1bits.TMR2IF == 1){
   540  0060  1283               	bcf	3,5	;RP0=0, select bank0
   541  0061  1303               	bcf	3,6	;RP1=0, select bank0
   542  0062  1C8C               	btfss	12,1	;volatile
   543  0063  2865               	goto	u1_21
   544  0064  2866               	goto	u1_20
   545  0065                     u1_21:	
   546  0065  286B               	goto	i1l43
   547  0066                     u1_20:	
   548  0066                     i1l686:	
   549                           
   550                           ;ServoP1.c: 33:         PIR1bits.TMR2IF = 0;
   551  0066  108C               	bcf	12,1	;volatile
   552                           
   553                           ;ServoP1.c: 34:         TRISCbits.TRISC1 = 0;
   554  0067  1683               	bsf	3,5	;RP0=1, select bank1
   555  0068  1303               	bcf	3,6	;RP1=0, select bank1
   556  0069  1087               	bcf	7,1	;volatile
   557                           
   558                           ;ServoP1.c: 35:     }
   559  006A  286C               	goto	i1l45
   560  006B                     i1l43:	
   561                           ;ServoP1.c: 36:     else
   562                           
   563  006B  0000               	nop	;# 
   564  006C                     i1l45:	
   565  006C  0876               	movf	??_ISR+1,w
   566  006D  008A               	movwf	10
   567  006E  0E75               	swapf	??_ISR^(0+4294967168),w
   568  006F  0083               	movwf	3
   569  0070  0EFE               	swapf	btemp,f
   570  0071  0E7E               	swapf	btemp,w
   571  0072  0009               	retfie
   572  0073                     __end_of_ISR:	
   573  007E                     btemp	set	126	;btemp
   574  007E                     wtemp0	set	126
   575                           
   576                           	psect	intentry
   577  0004                     __pintentry:	
   578                           ;incstack = 0
   579                           ; Regs used in _ISR: []
   580                           
   581  0004                     interrupt_function:	
   582  007E                     saved_w	set	btemp
   583  0004  00FE               	movwf	btemp
   584  0005  0E03               	swapf	3,w
   585  0006  00F5               	movwf	??_ISR
   586  0007  080A               	movf	10,w
   587  0008  00F6               	movwf	??_ISR+1
   588  0009  120A  118A  2860   	ljmp	_ISR


Data Sizes:
    Strings     0
    Constant    0
    Data        0
    BSS         5
    Persistent  0
    Stack       0

Auto Spaces:
    Space          Size  Autos    Used
    COMMON           14      2       7
    BANK0            80      0       0
    BANK1            80      0       0
    BANK3            96      0       0
    BANK2            96      0       0

Pointer List with Targets:

    None.

Critical Paths under _main in COMMON

    None.

Critical Paths under _ISR in COMMON

    None.

Critical Paths under _main in BANK0

    None.

Critical Paths under _ISR in BANK0

    None.

Critical Paths under _main in BANK1

    None.

Critical Paths under _ISR in BANK1

    None.

Critical Paths under _main in BANK3

    None.

Critical Paths under _ISR in BANK3

    None.

Critical Paths under _main in BANK2

    None.

Critical Paths under _ISR in BANK2

    None.

Call Graph Tables:

 ---------------------------------------------------------------------------------
 (Depth) Function   	        Calls       Base Space   Used Autos Params    Refs
 ---------------------------------------------------------------------------------
 (0) _main                                                 0     0      0       0
                              _setup
 ---------------------------------------------------------------------------------
 (1) _setup                                                0     0      0       0
 ---------------------------------------------------------------------------------
 Estimated maximum stack depth 1
 ---------------------------------------------------------------------------------
 (Depth) Function   	        Calls       Base Space   Used Autos Params    Refs
 ---------------------------------------------------------------------------------
 (2) _ISR                                                  2     2      0       0
                                              0 COMMON     2     2      0
 ---------------------------------------------------------------------------------
 Estimated maximum stack depth 2
 ---------------------------------------------------------------------------------

 Call Graph Graphs:

 _main (ROOT)
   _setup

 _ISR (ROOT)

 Address spaces:
Name               Size   Autos  Total    Cost      Usage
BITCOMMON            E      0       0       0        0.0%
EEDATA             100      0       0       0        0.0%
NULL                 0      0       0       0        0.0%
CODE                 0      0       0       0        0.0%
COMMON               E      2       7       1       50.0%
BITSFR0              0      0       0       1        0.0%
SFR0                 0      0       0       1        0.0%
BITSFR1              0      0       0       2        0.0%
SFR1                 0      0       0       2        0.0%
STACK                0      0       0       2        0.0%
ABS                  0      0       7       3        0.0%
BITBANK0            50      0       0       4        0.0%
BITSFR3              0      0       0       4        0.0%
SFR3                 0      0       0       4        0.0%
BANK0               50      0       0       5        0.0%
BITSFR2              0      0       0       5        0.0%
SFR2                 0      0       0       5        0.0%
BITBANK1            50      0       0       6        0.0%
BANK1               50      0       0       7        0.0%
BITBANK3            60      0       0       8        0.0%
BANK3               60      0       0       9        0.0%
BITBANK2            60      0       0      10        0.0%
BANK2               60      0       0      11        0.0%
DATA                 0      0       7      12        0.0%


Microchip Technology PIC Macro Assembler V2.10 build 88905656 
Symbol Table                                                                                   Sun Mar 15 18:46:41 2020

             __CFG_CP$OFF 0000                        l53 0053                        l62 0042  
                      l54 005C                        u20 004E                        u21 004D  
                      u30 0057                        u31 0056                       l700 0059  
                     l702 005A                       l660 0023                       l670 0030  
                     l662 0025                       l654 0018                       l680 0040  
                     l672 0033                       l664 0026                       l656 001C  
                     l682 0041                       l674 0037                       l666 0029  
                     l658 0022                       l690 0048                       l676 003D  
                     l668 002D                       l692 004E                       l678 003F  
                     l694 0050                       l696 0051                       l688 0043  
                     l698 0057                       _PR2 0092              __CFG_CPD$OFF 0000  
                     _ISR 0060              __CFG_LVP$OFF 0000                      ?_ISR 0075  
                    i1l43 006B                      i1l45 006C                      u1_20 0066  
                    u1_21 0065              __CFG_WRT$OFF 0000                      _main 0043  
                    _var1 0070                      _open 0071                      btemp 007E  
                    start 000C             __CFG_IESO$OFF 0000                     ??_ISR 0075  
                   ?_main 0075             __CFG_WDTE$OFF 0000                     _ANSEL 0188  
                   i1l684 0060                     i1l686 0066            __CFG_FCMEN$OFF 0000  
                   _close 0072                     _setup 0018            __CFG_BOREN$OFF 0000  
                   pclath 000A                     status 0003                     wtemp0 007E  
          __CFG_MCLRE$OFF 0000           __initialization 000F              __end_of_main 0060  
                  ??_main 0077                    _CCPR2L 001B                    ?_setup 0075  
                  _ADCval 0073                    _ANSELH 0189                    _INTCON 000B  
          __CFG_PWRTE$OFF 0000                    saved_w 007E   __end_of__initialization 0014  
          __pcstackCOMMON 0075             __end_of_setup 0043                   ??_setup 0077  
              __pmaintext 0043                __pintentry 0004                 _ADCvalant 0074  
                 __ptext1 0018                   __ptext2 0060              __size_of_ISR 0013  
               _T2CONbits 0012      end_of_initialization 0014                 _PORTBbits 0006  
               _PORTCbits 0007                 _TRISBbits 0086                 _TRISCbits 0087  
             _CCP2CONbits 001D       start_initialization 000F               __end_of_ISR 0073  
__CFG_FOSC$INTRC_NOCLKOUT 0000               __pbssCOMMON 0070                 ___latbits 0002  
          __size_of_setup 002B         interrupt_function 0004                  _PIE1bits 008C  
                _PIR1bits 000C         __CFG_BOR4V$BOR40V 0000             __size_of_main 001D  
                intlevel1 0000                _OSCCONbits 008F  
