

Microchip Technology PIC LITE Macro Assembler V2.00 build -1524193055 
                                                                                               Sat Feb 29 11:18:22 2020

Microchip Technology Omniscient Code Generator v2.00 (Free mode) build 20180527130849
     1  0000                     
      + 0000                     
     2                           ; Version 2.00
     3                           ; Generated 27/05/2018 GMT
     4                           
     5                           ; 
     6                           ; Copyright © 2018, Microchip Technology Inc. and its subsidiaries ("Microchip")
     7                           ; All rights reserved.
     8                           ; 
     9                           ; This software is developed by Microchip Technology Inc. and its subsidiaries ("Microch
                                 ip").
    10                           ; 
    11                           ; Redistribution and use in source and binary forms, with or without modification, are
    12                           ; permitted provided that the following conditions are met:
    13                           ; 
    14                           ;     1. Redistributions of source code must retain the above copyright notice, this lis
                                 t of
    15                           ;        conditions and the following disclaimer.
    16                           ; 
    17                           ;     2. Redistributions in binary form must reproduce the above copyright notice, this 
                                 list
    18                           ;        of conditions and the following disclaimer in the documentation and/or other
    19                           ;        materials provided with the distribution.
    20                           ; 
    21                           ;     3. Microchip's name may not be used to endorse or promote products derived from th
                                 is
    22                           ;        software without specific prior written permission.
    23                           ; 
    24                           ; THIS SOFTWARE IS PROVIDED BY MICROCHIP "AS IS" AND ANY EXPRESS OR IMPLIED WARRANTIES,

    25                           ; INCLUDING, BUT NOT LIMITED TO, THE IMPLIED WARRANTIES OF MERCHANTABILITY AND FITNESS F
                                 OR
    26                           ; PURPOSE ARE DISCLAIMED.  IN NO EVENT SHALL MICROCHIP BE LIABLE FOR ANY DIRECT, INDIREC
                                 T,
    27                           ; INCIDENTAL, SPECIAL, EXEMPLARY, OR CONSEQUENTIAL DAMAGES (INCLUDING BUT NOT LIMITED TO
                                 
    28                           ; PROCUREMENT OF SUBSTITUTE GOODS OR SERVICES; LOSS OF USE, DATA OR PROFITS; OR BUSINESS
                                 
    29                           ; INTERRUPTION) HOWSOEVER CAUSED AND ON ANY THEORY OF LIABILITY, WHETHER IN CONTRACT, ST
                                 RICT
    30                           ; LIABILITY, OR TORT (INCLUDING NEGLIGENCE OR OTHERWISE) ARISING IN ANY WAY OUT OF THE U
                                 SE OF
    31                           ; THIS SOFTWARE, EVEN IF ADVISED OF THE POSSIBILITY OF SUCH DAMAGE.
    32                           ; 
    33                           
    34                           
    35                           ; 
    36                           ; Code-generator required, PIC16F887 Definitions
    37                           ; 
    38  0004                     fsr0 equ 04h
    39  0004                     indf equ 00h
    40  0000                     indf0 equ 00h
    41  0000                     pc equ 02h
    42  0002                     pcl equ 02h
    43  0002                     pclath equ 0Ah
    44  000A                     status equ 03h
    45  0003                     
     2                           opt pagewidth 120
     3  0000                     byte0	macro	val
     4                           	(getbyte(val,0))
     5                           endm
     6  0000                     byte1	macro	val
     7                           	(getbyte(val,1))
     8                           endm
     9  0000                     byte2	macro	val
    10                           	(getbyte(val,2))
    11                           endm
    12  0000                     byte3	macro	val
    13                           	(getbyte(val,3))
    14                           endm
    15  0000                     byte4	macro	val
    16                           	(getbyte(val,4))
    17                           endm
    18  0000                     byte5	macro	val
    19                           	(getbyte(val,5))
    20                           endm
    21  0000                     byte6	macro	val
    22                           	(getbyte(val,6))
    23                           endm
    24  0000                     byte7	macro	val
    25                           	(getbyte(val,7))
    26                           endm
    27  0000                     getword	macro	val,pos
    28                           	(((val) >> (8 * pos)) and 0xffff)
    29                           endm
    30  0000                     word0	macro	val
    31                           	(getword(val,0))
    32                           endm
    33  0000                     word1	macro	val
    34                           	(getword(val,2))
    35                           endm
    36  0000                     word2	macro	val
    37                           	(getword(val,4))
    38                           endm
    39  0000                     word3	macro	val
    40                           	(getword(val,6))
    41                           endm
    42  0000                     gettword	macro	val,pos
    43                           	(((val) >> (8 * pos)) and 0xffffff)
    44                           endm
    45  0000                     tword0	macro	val
    46                           	(gettword(val,0))
    47                           endm
    48  0000                     tword1	macro	val
    49                           	(gettword(val,3))
    50                           endm
    51  0000                     tword2	macro	val
    52                           	(gettword(val,6))
    53                           endm
    54  0000                     getdword	macro	val,pos
    55                           	(((val) >> (8 * pos)) and 0xffffffff)
    56                           endm
    57  0000                     dword0	macro	val
    58                           	(getdword(val,0))
    59                           endm
    60  0000                     dword1	macro	val
    61                           	(getdword(val,4))
    62                           endm
    63  0000                     clrc	macro
    64                           	bcf	3,0
    65                           	endm
    66  0000                     clrz	macro
    67                           	bcf	3,2
    68                           	endm
    69  0000                     setc	macro
    70                           	bsf	3,0
    71                           	endm
    72  0000                     setz	macro
    73                           	bsf	3,2
    74                           	endm
    75  0000                     skipc	macro
    76                           	btfss	3,0
    77                           	endm
    78  0000                     skipz	macro
    79                           	btfss	3,2
    80                           	endm
    81  0000                     skipnc	macro
    82                           	btfsc	3,0
    83                           	endm
    84  0000                     skipnz	macro
    85                           	btfsc	3,2
    86                           	endm
    87  0000                     # 54 "C:\Program Files (x86)\Microchip\xc8\v2.00\pic\include\pic16f887.h"
    88                           INDF equ 00h ;# 
    89  0000                     # 61 "C:\Program Files (x86)\Microchip\xc8\v2.00\pic\include\pic16f887.h"
    90                           TMR0 equ 01h ;# 
    91  0001                     # 68 "C:\Program Files (x86)\Microchip\xc8\v2.00\pic\include\pic16f887.h"
    92                           PCL equ 02h ;# 
    93  0002                     # 75 "C:\Program Files (x86)\Microchip\xc8\v2.00\pic\include\pic16f887.h"
    94                           STATUS equ 03h ;# 
    95  0003                     # 161 "C:\Program Files (x86)\Microchip\xc8\v2.00\pic\include\pic16f887.h"
    96                           FSR equ 04h ;# 
    97  0004                     # 168 "C:\Program Files (x86)\Microchip\xc8\v2.00\pic\include\pic16f887.h"
    98                           PORTA equ 05h ;# 
    99  0005                     # 230 "C:\Program Files (x86)\Microchip\xc8\v2.00\pic\include\pic16f887.h"
   100                           PORTB equ 06h ;# 
   101  0006                     # 292 "C:\Program Files (x86)\Microchip\xc8\v2.00\pic\include\pic16f887.h"
   102                           PORTC equ 07h ;# 
   103  0007                     # 354 "C:\Program Files (x86)\Microchip\xc8\v2.00\pic\include\pic16f887.h"
   104                           PORTD equ 08h ;# 
   105  0008                     # 416 "C:\Program Files (x86)\Microchip\xc8\v2.00\pic\include\pic16f887.h"
   106                           PORTE equ 09h ;# 
   107  0009                     # 454 "C:\Program Files (x86)\Microchip\xc8\v2.00\pic\include\pic16f887.h"
   108                           PCLATH equ 0Ah ;# 
   109  000A                     # 461 "C:\Program Files (x86)\Microchip\xc8\v2.00\pic\include\pic16f887.h"
   110                           INTCON equ 0Bh ;# 
   111  000B                     # 539 "C:\Program Files (x86)\Microchip\xc8\v2.00\pic\include\pic16f887.h"
   112                           PIR1 equ 0Ch ;# 
   113  000C                     # 595 "C:\Program Files (x86)\Microchip\xc8\v2.00\pic\include\pic16f887.h"
   114                           PIR2 equ 0Dh ;# 
   115  000D                     # 652 "C:\Program Files (x86)\Microchip\xc8\v2.00\pic\include\pic16f887.h"
   116                           TMR1 equ 0Eh ;# 
   117  000E                     # 659 "C:\Program Files (x86)\Microchip\xc8\v2.00\pic\include\pic16f887.h"
   118                           TMR1L equ 0Eh ;# 
   119  000E                     # 666 "C:\Program Files (x86)\Microchip\xc8\v2.00\pic\include\pic16f887.h"
   120                           TMR1H equ 0Fh ;# 
   121  000F                     # 673 "C:\Program Files (x86)\Microchip\xc8\v2.00\pic\include\pic16f887.h"
   122                           T1CON equ 010h ;# 
   123  0010                     # 767 "C:\Program Files (x86)\Microchip\xc8\v2.00\pic\include\pic16f887.h"
   124                           TMR2 equ 011h ;# 
   125  0011                     # 774 "C:\Program Files (x86)\Microchip\xc8\v2.00\pic\include\pic16f887.h"
   126                           T2CON equ 012h ;# 
   127  0012                     # 845 "C:\Program Files (x86)\Microchip\xc8\v2.00\pic\include\pic16f887.h"
   128                           SSPBUF equ 013h ;# 
   129  0013                     # 852 "C:\Program Files (x86)\Microchip\xc8\v2.00\pic\include\pic16f887.h"
   130                           SSPCON equ 014h ;# 
   131  0014                     # 922 "C:\Program Files (x86)\Microchip\xc8\v2.00\pic\include\pic16f887.h"
   132                           CCPR1 equ 015h ;# 
   133  0015                     # 929 "C:\Program Files (x86)\Microchip\xc8\v2.00\pic\include\pic16f887.h"
   134                           CCPR1L equ 015h ;# 
   135  0015                     # 936 "C:\Program Files (x86)\Microchip\xc8\v2.00\pic\include\pic16f887.h"
   136                           CCPR1H equ 016h ;# 
   137  0016                     # 943 "C:\Program Files (x86)\Microchip\xc8\v2.00\pic\include\pic16f887.h"
   138                           CCP1CON equ 017h ;# 
   139  0017                     # 1040 "C:\Program Files (x86)\Microchip\xc8\v2.00\pic\include\pic16f887.h"
   140                           RCSTA equ 018h ;# 
   141  0018                     # 1135 "C:\Program Files (x86)\Microchip\xc8\v2.00\pic\include\pic16f887.h"
   142                           TXREG equ 019h ;# 
   143  0019                     # 1142 "C:\Program Files (x86)\Microchip\xc8\v2.00\pic\include\pic16f887.h"
   144                           RCREG equ 01Ah ;# 
   145  001A                     # 1149 "C:\Program Files (x86)\Microchip\xc8\v2.00\pic\include\pic16f887.h"
   146                           CCPR2 equ 01Bh ;# 
   147  001B                     # 1156 "C:\Program Files (x86)\Microchip\xc8\v2.00\pic\include\pic16f887.h"
   148                           CCPR2L equ 01Bh ;# 
   149  001B                     # 1163 "C:\Program Files (x86)\Microchip\xc8\v2.00\pic\include\pic16f887.h"
   150                           CCPR2H equ 01Ch ;# 
   151  001C                     # 1170 "C:\Program Files (x86)\Microchip\xc8\v2.00\pic\include\pic16f887.h"
   152                           CCP2CON equ 01Dh ;# 
   153  001D                     # 1240 "C:\Program Files (x86)\Microchip\xc8\v2.00\pic\include\pic16f887.h"
   154                           ADRESH equ 01Eh ;# 
   155  001E                     # 1247 "C:\Program Files (x86)\Microchip\xc8\v2.00\pic\include\pic16f887.h"
   156                           ADCON0 equ 01Fh ;# 
   157  001F                     # 1348 "C:\Program Files (x86)\Microchip\xc8\v2.00\pic\include\pic16f887.h"
   158                           OPTION_REG equ 081h ;# 
   159  0081                     # 1418 "C:\Program Files (x86)\Microchip\xc8\v2.00\pic\include\pic16f887.h"
   160                           TRISA equ 085h ;# 
   161  0085                     # 1480 "C:\Program Files (x86)\Microchip\xc8\v2.00\pic\include\pic16f887.h"
   162                           TRISB equ 086h ;# 
   163  0086                     # 1542 "C:\Program Files (x86)\Microchip\xc8\v2.00\pic\include\pic16f887.h"
   164                           TRISC equ 087h ;# 
   165  0087                     # 1604 "C:\Program Files (x86)\Microchip\xc8\v2.00\pic\include\pic16f887.h"
   166                           TRISD equ 088h ;# 
   167  0088                     # 1666 "C:\Program Files (x86)\Microchip\xc8\v2.00\pic\include\pic16f887.h"
   168                           TRISE equ 089h ;# 
   169  0089                     # 1704 "C:\Program Files (x86)\Microchip\xc8\v2.00\pic\include\pic16f887.h"
   170                           PIE1 equ 08Ch ;# 
   171  008C                     # 1760 "C:\Program Files (x86)\Microchip\xc8\v2.00\pic\include\pic16f887.h"
   172                           PIE2 equ 08Dh ;# 
   173  008D                     # 1817 "C:\Program Files (x86)\Microchip\xc8\v2.00\pic\include\pic16f887.h"
   174                           PCON equ 08Eh ;# 
   175  008E                     # 1864 "C:\Program Files (x86)\Microchip\xc8\v2.00\pic\include\pic16f887.h"
   176                           OSCCON equ 08Fh ;# 
   177  008F                     # 1929 "C:\Program Files (x86)\Microchip\xc8\v2.00\pic\include\pic16f887.h"
   178                           OSCTUNE equ 090h ;# 
   179  0090                     # 1981 "C:\Program Files (x86)\Microchip\xc8\v2.00\pic\include\pic16f887.h"
   180                           SSPCON2 equ 091h ;# 
   181  0091                     # 2043 "C:\Program Files (x86)\Microchip\xc8\v2.00\pic\include\pic16f887.h"
   182                           PR2 equ 092h ;# 
   183  0092                     # 2050 "C:\Program Files (x86)\Microchip\xc8\v2.00\pic\include\pic16f887.h"
   184                           SSPADD equ 093h ;# 
   185  0093                     # 2057 "C:\Program Files (x86)\Microchip\xc8\v2.00\pic\include\pic16f887.h"
   186                           SSPMSK equ 093h ;# 
   187  0093                     # 2062 "C:\Program Files (x86)\Microchip\xc8\v2.00\pic\include\pic16f887.h"
   188                           MSK equ 093h ;# 
   189  0093                     # 2179 "C:\Program Files (x86)\Microchip\xc8\v2.00\pic\include\pic16f887.h"
   190                           SSPSTAT equ 094h ;# 
   191  0094                     # 2348 "C:\Program Files (x86)\Microchip\xc8\v2.00\pic\include\pic16f887.h"
   192                           WPUB equ 095h ;# 
   193  0095                     # 2418 "C:\Program Files (x86)\Microchip\xc8\v2.00\pic\include\pic16f887.h"
   194                           IOCB equ 096h ;# 
   195  0096                     # 2488 "C:\Program Files (x86)\Microchip\xc8\v2.00\pic\include\pic16f887.h"
   196                           VRCON equ 097h ;# 
   197  0097                     # 2558 "C:\Program Files (x86)\Microchip\xc8\v2.00\pic\include\pic16f887.h"
   198                           TXSTA equ 098h ;# 
   199  0098                     # 2644 "C:\Program Files (x86)\Microchip\xc8\v2.00\pic\include\pic16f887.h"
   200                           SPBRG equ 099h ;# 
   201  0099                     # 2706 "C:\Program Files (x86)\Microchip\xc8\v2.00\pic\include\pic16f887.h"
   202                           SPBRGH equ 09Ah ;# 
   203  009A                     # 2776 "C:\Program Files (x86)\Microchip\xc8\v2.00\pic\include\pic16f887.h"
   204                           PWM1CON equ 09Bh ;# 
   205  009B                     # 2846 "C:\Program Files (x86)\Microchip\xc8\v2.00\pic\include\pic16f887.h"
   206                           ECCPAS equ 09Ch ;# 
   207  009C                     # 2928 "C:\Program Files (x86)\Microchip\xc8\v2.00\pic\include\pic16f887.h"
   208                           PSTRCON equ 09Dh ;# 
   209  009D                     # 2972 "C:\Program Files (x86)\Microchip\xc8\v2.00\pic\include\pic16f887.h"
   210                           ADRESL equ 09Eh ;# 
   211  009E                     # 2979 "C:\Program Files (x86)\Microchip\xc8\v2.00\pic\include\pic16f887.h"
   212                           ADCON1 equ 09Fh ;# 
   213  009F                     # 3013 "C:\Program Files (x86)\Microchip\xc8\v2.00\pic\include\pic16f887.h"
   214                           WDTCON equ 0105h ;# 
   215  0105                     # 3066 "C:\Program Files (x86)\Microchip\xc8\v2.00\pic\include\pic16f887.h"
   216                           CM1CON0 equ 0107h ;# 
   217  0107                     # 3131 "C:\Program Files (x86)\Microchip\xc8\v2.00\pic\include\pic16f887.h"
   218                           CM2CON0 equ 0108h ;# 
   219  0108                     # 3196 "C:\Program Files (x86)\Microchip\xc8\v2.00\pic\include\pic16f887.h"
   220                           CM2CON1 equ 0109h ;# 
   221  0109                     # 3247 "C:\Program Files (x86)\Microchip\xc8\v2.00\pic\include\pic16f887.h"
   222                           EEDATA equ 010Ch ;# 
   223  010C                     # 3252 "C:\Program Files (x86)\Microchip\xc8\v2.00\pic\include\pic16f887.h"
   224                           EEDAT equ 010Ch ;# 
   225  010C                     # 3259 "C:\Program Files (x86)\Microchip\xc8\v2.00\pic\include\pic16f887.h"
   226                           EEADR equ 010Dh ;# 
   227  010D                     # 3266 "C:\Program Files (x86)\Microchip\xc8\v2.00\pic\include\pic16f887.h"
   228                           EEDATH equ 010Eh ;# 
   229  010E                     # 3273 "C:\Program Files (x86)\Microchip\xc8\v2.00\pic\include\pic16f887.h"
   230                           EEADRH equ 010Fh ;# 
   231  010F                     # 3280 "C:\Program Files (x86)\Microchip\xc8\v2.00\pic\include\pic16f887.h"
   232                           SRCON equ 0185h ;# 
   233  0185                     # 3337 "C:\Program Files (x86)\Microchip\xc8\v2.00\pic\include\pic16f887.h"
   234                           BAUDCTL equ 0187h ;# 
   235  0187                     # 3389 "C:\Program Files (x86)\Microchip\xc8\v2.00\pic\include\pic16f887.h"
   236                           ANSEL equ 0188h ;# 
   237  0188                     # 3451 "C:\Program Files (x86)\Microchip\xc8\v2.00\pic\include\pic16f887.h"
   238                           ANSELH equ 0189h ;# 
   239  0189                     # 3501 "C:\Program Files (x86)\Microchip\xc8\v2.00\pic\include\pic16f887.h"
   240                           EECON1 equ 018Ch ;# 
   241  018C                     # 3546 "C:\Program Files (x86)\Microchip\xc8\v2.00\pic\include\pic16f887.h"
   242                           EECON2 equ 018Dh ;# 
   243  018D                     # 54 "C:\Program Files (x86)\Microchip\xc8\v2.00\pic\include\pic16f887.h"
   244                           INDF equ 00h ;# 
   245  0000                     # 61 "C:\Program Files (x86)\Microchip\xc8\v2.00\pic\include\pic16f887.h"
   246                           TMR0 equ 01h ;# 
   247  0001                     # 68 "C:\Program Files (x86)\Microchip\xc8\v2.00\pic\include\pic16f887.h"
   248                           PCL equ 02h ;# 
   249  0002                     # 75 "C:\Program Files (x86)\Microchip\xc8\v2.00\pic\include\pic16f887.h"
   250                           STATUS equ 03h ;# 
   251  0003                     # 161 "C:\Program Files (x86)\Microchip\xc8\v2.00\pic\include\pic16f887.h"
   252                           FSR equ 04h ;# 
   253  0004                     # 168 "C:\Program Files (x86)\Microchip\xc8\v2.00\pic\include\pic16f887.h"
   254                           PORTA equ 05h ;# 
   255  0005                     # 230 "C:\Program Files (x86)\Microchip\xc8\v2.00\pic\include\pic16f887.h"
   256                           PORTB equ 06h ;# 
   257  0006                     # 292 "C:\Program Files (x86)\Microchip\xc8\v2.00\pic\include\pic16f887.h"
   258                           PORTC equ 07h ;# 
   259  0007                     # 354 "C:\Program Files (x86)\Microchip\xc8\v2.00\pic\include\pic16f887.h"
   260                           PORTD equ 08h ;# 
   261  0008                     # 416 "C:\Program Files (x86)\Microchip\xc8\v2.00\pic\include\pic16f887.h"
   262                           PORTE equ 09h ;# 
   263  0009                     # 454 "C:\Program Files (x86)\Microchip\xc8\v2.00\pic\include\pic16f887.h"
   264                           PCLATH equ 0Ah ;# 
   265  000A                     # 461 "C:\Program Files (x86)\Microchip\xc8\v2.00\pic\include\pic16f887.h"
   266                           INTCON equ 0Bh ;# 
   267  000B                     # 539 "C:\Program Files (x86)\Microchip\xc8\v2.00\pic\include\pic16f887.h"
   268                           PIR1 equ 0Ch ;# 
   269  000C                     # 595 "C:\Program Files (x86)\Microchip\xc8\v2.00\pic\include\pic16f887.h"
   270                           PIR2 equ 0Dh ;# 
   271  000D                     # 652 "C:\Program Files (x86)\Microchip\xc8\v2.00\pic\include\pic16f887.h"
   272                           TMR1 equ 0Eh ;# 
   273  000E                     # 659 "C:\Program Files (x86)\Microchip\xc8\v2.00\pic\include\pic16f887.h"
   274                           TMR1L equ 0Eh ;# 
   275  000E                     # 666 "C:\Program Files (x86)\Microchip\xc8\v2.00\pic\include\pic16f887.h"
   276                           TMR1H equ 0Fh ;# 
   277  000F                     # 673 "C:\Program Files (x86)\Microchip\xc8\v2.00\pic\include\pic16f887.h"
   278                           T1CON equ 010h ;# 
   279  0010                     # 767 "C:\Program Files (x86)\Microchip\xc8\v2.00\pic\include\pic16f887.h"
   280                           TMR2 equ 011h ;# 
   281  0011                     # 774 "C:\Program Files (x86)\Microchip\xc8\v2.00\pic\include\pic16f887.h"
   282                           T2CON equ 012h ;# 
   283  0012                     # 845 "C:\Program Files (x86)\Microchip\xc8\v2.00\pic\include\pic16f887.h"
   284                           SSPBUF equ 013h ;# 
   285  0013                     # 852 "C:\Program Files (x86)\Microchip\xc8\v2.00\pic\include\pic16f887.h"
   286                           SSPCON equ 014h ;# 
   287  0014                     # 922 "C:\Program Files (x86)\Microchip\xc8\v2.00\pic\include\pic16f887.h"
   288                           CCPR1 equ 015h ;# 
   289  0015                     # 929 "C:\Program Files (x86)\Microchip\xc8\v2.00\pic\include\pic16f887.h"
   290                           CCPR1L equ 015h ;# 
   291  0015                     # 936 "C:\Program Files (x86)\Microchip\xc8\v2.00\pic\include\pic16f887.h"
   292                           CCPR1H equ 016h ;# 
   293  0016                     # 943 "C:\Program Files (x86)\Microchip\xc8\v2.00\pic\include\pic16f887.h"
   294                           CCP1CON equ 017h ;# 
   295  0017                     # 1040 "C:\Program Files (x86)\Microchip\xc8\v2.00\pic\include\pic16f887.h"
   296                           RCSTA equ 018h ;# 
   297  0018                     # 1135 "C:\Program Files (x86)\Microchip\xc8\v2.00\pic\include\pic16f887.h"
   298                           TXREG equ 019h ;# 
   299  0019                     # 1142 "C:\Program Files (x86)\Microchip\xc8\v2.00\pic\include\pic16f887.h"
   300                           RCREG equ 01Ah ;# 
   301  001A                     # 1149 "C:\Program Files (x86)\Microchip\xc8\v2.00\pic\include\pic16f887.h"
   302                           CCPR2 equ 01Bh ;# 
   303  001B                     # 1156 "C:\Program Files (x86)\Microchip\xc8\v2.00\pic\include\pic16f887.h"
   304                           CCPR2L equ 01Bh ;# 
   305  001B                     # 1163 "C:\Program Files (x86)\Microchip\xc8\v2.00\pic\include\pic16f887.h"
   306                           CCPR2H equ 01Ch ;# 
   307  001C                     # 1170 "C:\Program Files (x86)\Microchip\xc8\v2.00\pic\include\pic16f887.h"
   308                           CCP2CON equ 01Dh ;# 
   309  001D                     # 1240 "C:\Program Files (x86)\Microchip\xc8\v2.00\pic\include\pic16f887.h"
   310                           ADRESH equ 01Eh ;# 
   311  001E                     # 1247 "C:\Program Files (x86)\Microchip\xc8\v2.00\pic\include\pic16f887.h"
   312                           ADCON0 equ 01Fh ;# 
   313  001F                     # 1348 "C:\Program Files (x86)\Microchip\xc8\v2.00\pic\include\pic16f887.h"
   314                           OPTION_REG equ 081h ;# 
   315  0081                     # 1418 "C:\Program Files (x86)\Microchip\xc8\v2.00\pic\include\pic16f887.h"
   316                           TRISA equ 085h ;# 
   317  0085                     # 1480 "C:\Program Files (x86)\Microchip\xc8\v2.00\pic\include\pic16f887.h"
   318                           TRISB equ 086h ;# 
   319  0086                     # 1542 "C:\Program Files (x86)\Microchip\xc8\v2.00\pic\include\pic16f887.h"
   320                           TRISC equ 087h ;# 
   321  0087                     # 1604 "C:\Program Files (x86)\Microchip\xc8\v2.00\pic\include\pic16f887.h"
   322                           TRISD equ 088h ;# 
   323  0088                     # 1666 "C:\Program Files (x86)\Microchip\xc8\v2.00\pic\include\pic16f887.h"
   324                           TRISE equ 089h ;# 
   325  0089                     # 1704 "C:\Program Files (x86)\Microchip\xc8\v2.00\pic\include\pic16f887.h"
   326                           PIE1 equ 08Ch ;# 
   327  008C                     # 1760 "C:\Program Files (x86)\Microchip\xc8\v2.00\pic\include\pic16f887.h"
   328                           PIE2 equ 08Dh ;# 
   329  008D                     # 1817 "C:\Program Files (x86)\Microchip\xc8\v2.00\pic\include\pic16f887.h"
   330                           PCON equ 08Eh ;# 
   331  008E                     # 1864 "C:\Program Files (x86)\Microchip\xc8\v2.00\pic\include\pic16f887.h"
   332                           OSCCON equ 08Fh ;# 
   333  008F                     # 1929 "C:\Program Files (x86)\Microchip\xc8\v2.00\pic\include\pic16f887.h"
   334                           OSCTUNE equ 090h ;# 
   335  0090                     # 1981 "C:\Program Files (x86)\Microchip\xc8\v2.00\pic\include\pic16f887.h"
   336                           SSPCON2 equ 091h ;# 
   337  0091                     # 2043 "C:\Program Files (x86)\Microchip\xc8\v2.00\pic\include\pic16f887.h"
   338                           PR2 equ 092h ;# 
   339  0092                     # 2050 "C:\Program Files (x86)\Microchip\xc8\v2.00\pic\include\pic16f887.h"
   340                           SSPADD equ 093h ;# 
   341  0093                     # 2057 "C:\Program Files (x86)\Microchip\xc8\v2.00\pic\include\pic16f887.h"
   342                           SSPMSK equ 093h ;# 
   343  0093                     # 2062 "C:\Program Files (x86)\Microchip\xc8\v2.00\pic\include\pic16f887.h"
   344                           MSK equ 093h ;# 
   345  0093                     # 2179 "C:\Program Files (x86)\Microchip\xc8\v2.00\pic\include\pic16f887.h"
   346                           SSPSTAT equ 094h ;# 
   347  0094                     # 2348 "C:\Program Files (x86)\Microchip\xc8\v2.00\pic\include\pic16f887.h"
   348                           WPUB equ 095h ;# 
   349  0095                     # 2418 "C:\Program Files (x86)\Microchip\xc8\v2.00\pic\include\pic16f887.h"
   350                           IOCB equ 096h ;# 
   351  0096                     # 2488 "C:\Program Files (x86)\Microchip\xc8\v2.00\pic\include\pic16f887.h"
   352                           VRCON equ 097h ;# 
   353  0097                     # 2558 "C:\Program Files (x86)\Microchip\xc8\v2.00\pic\include\pic16f887.h"
   354                           TXSTA equ 098h ;# 
   355  0098                     # 2644 "C:\Program Files (x86)\Microchip\xc8\v2.00\pic\include\pic16f887.h"
   356                           SPBRG equ 099h ;# 
   357  0099                     # 2706 "C:\Program Files (x86)\Microchip\xc8\v2.00\pic\include\pic16f887.h"
   358                           SPBRGH equ 09Ah ;# 
   359  009A                     # 2776 "C:\Program Files (x86)\Microchip\xc8\v2.00\pic\include\pic16f887.h"
   360                           PWM1CON equ 09Bh ;# 
   361  009B                     # 2846 "C:\Program Files (x86)\Microchip\xc8\v2.00\pic\include\pic16f887.h"
   362                           ECCPAS equ 09Ch ;# 
   363  009C                     # 2928 "C:\Program Files (x86)\Microchip\xc8\v2.00\pic\include\pic16f887.h"
   364                           PSTRCON equ 09Dh ;# 
   365  009D                     # 2972 "C:\Program Files (x86)\Microchip\xc8\v2.00\pic\include\pic16f887.h"
   366                           ADRESL equ 09Eh ;# 
   367  009E                     # 2979 "C:\Program Files (x86)\Microchip\xc8\v2.00\pic\include\pic16f887.h"
   368                           ADCON1 equ 09Fh ;# 
   369  009F                     # 3013 "C:\Program Files (x86)\Microchip\xc8\v2.00\pic\include\pic16f887.h"
   370                           WDTCON equ 0105h ;# 
   371  0105                     # 3066 "C:\Program Files (x86)\Microchip\xc8\v2.00\pic\include\pic16f887.h"
   372                           CM1CON0 equ 0107h ;# 
   373  0107                     # 3131 "C:\Program Files (x86)\Microchip\xc8\v2.00\pic\include\pic16f887.h"
   374                           CM2CON0 equ 0108h ;# 
   375  0108                     # 3196 "C:\Program Files (x86)\Microchip\xc8\v2.00\pic\include\pic16f887.h"
   376                           CM2CON1 equ 0109h ;# 
   377  0109                     # 3247 "C:\Program Files (x86)\Microchip\xc8\v2.00\pic\include\pic16f887.h"
   378                           EEDATA equ 010Ch ;# 
   379  010C                     # 3252 "C:\Program Files (x86)\Microchip\xc8\v2.00\pic\include\pic16f887.h"
   380                           EEDAT equ 010Ch ;# 
   381  010C                     # 3259 "C:\Program Files (x86)\Microchip\xc8\v2.00\pic\include\pic16f887.h"
   382                           EEADR equ 010Dh ;# 
   383  010D                     # 3266 "C:\Program Files (x86)\Microchip\xc8\v2.00\pic\include\pic16f887.h"
   384                           EEDATH equ 010Eh ;# 
   385  010E                     # 3273 "C:\Program Files (x86)\Microchip\xc8\v2.00\pic\include\pic16f887.h"
   386                           EEADRH equ 010Fh ;# 
   387  010F                     # 3280 "C:\Program Files (x86)\Microchip\xc8\v2.00\pic\include\pic16f887.h"
   388                           SRCON equ 0185h ;# 
   389  0185                     # 3337 "C:\Program Files (x86)\Microchip\xc8\v2.00\pic\include\pic16f887.h"
   390                           BAUDCTL equ 0187h ;# 
   391  0187                     # 3389 "C:\Program Files (x86)\Microchip\xc8\v2.00\pic\include\pic16f887.h"
   392                           ANSEL equ 0188h ;# 
   393  0188                     # 3451 "C:\Program Files (x86)\Microchip\xc8\v2.00\pic\include\pic16f887.h"
   394                           ANSELH equ 0189h ;# 
   395  0189                     # 3501 "C:\Program Files (x86)\Microchip\xc8\v2.00\pic\include\pic16f887.h"
   396                           EECON1 equ 018Ch ;# 
   397  018C                     # 3546 "C:\Program Files (x86)\Microchip\xc8\v2.00\pic\include\pic16f887.h"
   398                           EECON2 equ 018Dh ;# 
   399  018D                     # 54 "C:\Program Files (x86)\Microchip\xc8\v2.00\pic\include\pic16f887.h"
   400                           INDF equ 00h ;# 
   401  0000                     # 61 "C:\Program Files (x86)\Microchip\xc8\v2.00\pic\include\pic16f887.h"
   402                           TMR0 equ 01h ;# 
   403  0001                     # 68 "C:\Program Files (x86)\Microchip\xc8\v2.00\pic\include\pic16f887.h"
   404                           PCL equ 02h ;# 
   405  0002                     # 75 "C:\Program Files (x86)\Microchip\xc8\v2.00\pic\include\pic16f887.h"
   406                           STATUS equ 03h ;# 
   407  0003                     # 161 "C:\Program Files (x86)\Microchip\xc8\v2.00\pic\include\pic16f887.h"
   408                           FSR equ 04h ;# 
   409  0004                     # 168 "C:\Program Files (x86)\Microchip\xc8\v2.00\pic\include\pic16f887.h"
   410                           PORTA equ 05h ;# 
   411  0005                     # 230 "C:\Program Files (x86)\Microchip\xc8\v2.00\pic\include\pic16f887.h"
   412                           PORTB equ 06h ;# 
   413  0006                     # 292 "C:\Program Files (x86)\Microchip\xc8\v2.00\pic\include\pic16f887.h"
   414                           PORTC equ 07h ;# 
   415  0007                     # 354 "C:\Program Files (x86)\Microchip\xc8\v2.00\pic\include\pic16f887.h"
   416                           PORTD equ 08h ;# 
   417  0008                     # 416 "C:\Program Files (x86)\Microchip\xc8\v2.00\pic\include\pic16f887.h"
   418                           PORTE equ 09h ;# 
   419  0009                     # 454 "C:\Program Files (x86)\Microchip\xc8\v2.00\pic\include\pic16f887.h"
   420                           PCLATH equ 0Ah ;# 
   421  000A                     # 461 "C:\Program Files (x86)\Microchip\xc8\v2.00\pic\include\pic16f887.h"
   422                           INTCON equ 0Bh ;# 
   423  000B                     # 539 "C:\Program Files (x86)\Microchip\xc8\v2.00\pic\include\pic16f887.h"
   424                           PIR1 equ 0Ch ;# 
   425  000C                     # 595 "C:\Program Files (x86)\Microchip\xc8\v2.00\pic\include\pic16f887.h"
   426                           PIR2 equ 0Dh ;# 
   427  000D                     # 652 "C:\Program Files (x86)\Microchip\xc8\v2.00\pic\include\pic16f887.h"
   428                           TMR1 equ 0Eh ;# 
   429  000E                     # 659 "C:\Program Files (x86)\Microchip\xc8\v2.00\pic\include\pic16f887.h"
   430                           TMR1L equ 0Eh ;# 
   431  000E                     # 666 "C:\Program Files (x86)\Microchip\xc8\v2.00\pic\include\pic16f887.h"
   432                           TMR1H equ 0Fh ;# 
   433  000F                     # 673 "C:\Program Files (x86)\Microchip\xc8\v2.00\pic\include\pic16f887.h"
   434                           T1CON equ 010h ;# 
   435  0010                     # 767 "C:\Program Files (x86)\Microchip\xc8\v2.00\pic\include\pic16f887.h"
   436                           TMR2 equ 011h ;# 
   437  0011                     # 774 "C:\Program Files (x86)\Microchip\xc8\v2.00\pic\include\pic16f887.h"
   438                           T2CON equ 012h ;# 
   439  0012                     # 845 "C:\Program Files (x86)\Microchip\xc8\v2.00\pic\include\pic16f887.h"
   440                           SSPBUF equ 013h ;# 
   441  0013                     # 852 "C:\Program Files (x86)\Microchip\xc8\v2.00\pic\include\pic16f887.h"
   442                           SSPCON equ 014h ;# 
   443  0014                     # 922 "C:\Program Files (x86)\Microchip\xc8\v2.00\pic\include\pic16f887.h"
   444                           CCPR1 equ 015h ;# 
   445  0015                     # 929 "C:\Program Files (x86)\Microchip\xc8\v2.00\pic\include\pic16f887.h"
   446                           CCPR1L equ 015h ;# 
   447  0015                     # 936 "C:\Program Files (x86)\Microchip\xc8\v2.00\pic\include\pic16f887.h"
   448                           CCPR1H equ 016h ;# 
   449  0016                     # 943 "C:\Program Files (x86)\Microchip\xc8\v2.00\pic\include\pic16f887.h"
   450                           CCP1CON equ 017h ;# 
   451  0017                     # 1040 "C:\Program Files (x86)\Microchip\xc8\v2.00\pic\include\pic16f887.h"
   452                           RCSTA equ 018h ;# 
   453  0018                     # 1135 "C:\Program Files (x86)\Microchip\xc8\v2.00\pic\include\pic16f887.h"
   454                           TXREG equ 019h ;# 
   455  0019                     # 1142 "C:\Program Files (x86)\Microchip\xc8\v2.00\pic\include\pic16f887.h"
   456                           RCREG equ 01Ah ;# 
   457  001A                     # 1149 "C:\Program Files (x86)\Microchip\xc8\v2.00\pic\include\pic16f887.h"
   458                           CCPR2 equ 01Bh ;# 
   459  001B                     # 1156 "C:\Program Files (x86)\Microchip\xc8\v2.00\pic\include\pic16f887.h"
   460                           CCPR2L equ 01Bh ;# 
   461  001B                     # 1163 "C:\Program Files (x86)\Microchip\xc8\v2.00\pic\include\pic16f887.h"
   462                           CCPR2H equ 01Ch ;# 
   463  001C                     # 1170 "C:\Program Files (x86)\Microchip\xc8\v2.00\pic\include\pic16f887.h"
   464                           CCP2CON equ 01Dh ;# 
   465  001D                     # 1240 "C:\Program Files (x86)\Microchip\xc8\v2.00\pic\include\pic16f887.h"
   466                           ADRESH equ 01Eh ;# 
   467  001E                     # 1247 "C:\Program Files (x86)\Microchip\xc8\v2.00\pic\include\pic16f887.h"
   468                           ADCON0 equ 01Fh ;# 
   469  001F                     # 1348 "C:\Program Files (x86)\Microchip\xc8\v2.00\pic\include\pic16f887.h"
   470                           OPTION_REG equ 081h ;# 
   471  0081                     # 1418 "C:\Program Files (x86)\Microchip\xc8\v2.00\pic\include\pic16f887.h"
   472                           TRISA equ 085h ;# 
   473  0085                     # 1480 "C:\Program Files (x86)\Microchip\xc8\v2.00\pic\include\pic16f887.h"
   474                           TRISB equ 086h ;# 
   475  0086                     # 1542 "C:\Program Files (x86)\Microchip\xc8\v2.00\pic\include\pic16f887.h"
   476                           TRISC equ 087h ;# 
   477  0087                     # 1604 "C:\Program Files (x86)\Microchip\xc8\v2.00\pic\include\pic16f887.h"
   478                           TRISD equ 088h ;# 
   479  0088                     # 1666 "C:\Program Files (x86)\Microchip\xc8\v2.00\pic\include\pic16f887.h"
   480                           TRISE equ 089h ;# 
   481  0089                     # 1704 "C:\Program Files (x86)\Microchip\xc8\v2.00\pic\include\pic16f887.h"
   482                           PIE1 equ 08Ch ;# 
   483  008C                     # 1760 "C:\Program Files (x86)\Microchip\xc8\v2.00\pic\include\pic16f887.h"
   484                           PIE2 equ 08Dh ;# 
   485  008D                     # 1817 "C:\Program Files (x86)\Microchip\xc8\v2.00\pic\include\pic16f887.h"
   486                           PCON equ 08Eh ;# 
   487  008E                     # 1864 "C:\Program Files (x86)\Microchip\xc8\v2.00\pic\include\pic16f887.h"
   488                           OSCCON equ 08Fh ;# 
   489  008F                     # 1929 "C:\Program Files (x86)\Microchip\xc8\v2.00\pic\include\pic16f887.h"
   490                           OSCTUNE equ 090h ;# 
   491  0090                     # 1981 "C:\Program Files (x86)\Microchip\xc8\v2.00\pic\include\pic16f887.h"
   492                           SSPCON2 equ 091h ;# 
   493  0091                     # 2043 "C:\Program Files (x86)\Microchip\xc8\v2.00\pic\include\pic16f887.h"
   494                           PR2 equ 092h ;# 
   495  0092                     # 2050 "C:\Program Files (x86)\Microchip\xc8\v2.00\pic\include\pic16f887.h"
   496                           SSPADD equ 093h ;# 
   497  0093                     # 2057 "C:\Program Files (x86)\Microchip\xc8\v2.00\pic\include\pic16f887.h"
   498                           SSPMSK equ 093h ;# 
   499  0093                     # 2062 "C:\Program Files (x86)\Microchip\xc8\v2.00\pic\include\pic16f887.h"
   500                           MSK equ 093h ;# 
   501  0093                     # 2179 "C:\Program Files (x86)\Microchip\xc8\v2.00\pic\include\pic16f887.h"
   502                           SSPSTAT equ 094h ;# 
   503  0094                     # 2348 "C:\Program Files (x86)\Microchip\xc8\v2.00\pic\include\pic16f887.h"
   504                           WPUB equ 095h ;# 
   505  0095                     # 2418 "C:\Program Files (x86)\Microchip\xc8\v2.00\pic\include\pic16f887.h"
   506                           IOCB equ 096h ;# 
   507  0096                     # 2488 "C:\Program Files (x86)\Microchip\xc8\v2.00\pic\include\pic16f887.h"
   508                           VRCON equ 097h ;# 
   509  0097                     # 2558 "C:\Program Files (x86)\Microchip\xc8\v2.00\pic\include\pic16f887.h"
   510                           TXSTA equ 098h ;# 
   511  0098                     # 2644 "C:\Program Files (x86)\Microchip\xc8\v2.00\pic\include\pic16f887.h"
   512                           SPBRG equ 099h ;# 
   513  0099                     # 2706 "C:\Program Files (x86)\Microchip\xc8\v2.00\pic\include\pic16f887.h"
   514                           SPBRGH equ 09Ah ;# 
   515  009A                     # 2776 "C:\Program Files (x86)\Microchip\xc8\v2.00\pic\include\pic16f887.h"
   516                           PWM1CON equ 09Bh ;# 
   517  009B                     # 2846 "C:\Program Files (x86)\Microchip\xc8\v2.00\pic\include\pic16f887.h"
   518                           ECCPAS equ 09Ch ;# 
   519  009C                     # 2928 "C:\Program Files (x86)\Microchip\xc8\v2.00\pic\include\pic16f887.h"
   520                           PSTRCON equ 09Dh ;# 
   521  009D                     # 2972 "C:\Program Files (x86)\Microchip\xc8\v2.00\pic\include\pic16f887.h"
   522                           ADRESL equ 09Eh ;# 
   523  009E                     # 2979 "C:\Program Files (x86)\Microchip\xc8\v2.00\pic\include\pic16f887.h"
   524                           ADCON1 equ 09Fh ;# 
   525  009F                     # 3013 "C:\Program Files (x86)\Microchip\xc8\v2.00\pic\include\pic16f887.h"
   526                           WDTCON equ 0105h ;# 
   527  0105                     # 3066 "C:\Program Files (x86)\Microchip\xc8\v2.00\pic\include\pic16f887.h"
   528                           CM1CON0 equ 0107h ;# 
   529  0107                     # 3131 "C:\Program Files (x86)\Microchip\xc8\v2.00\pic\include\pic16f887.h"
   530                           CM2CON0 equ 0108h ;# 
   531  0108                     # 3196 "C:\Program Files (x86)\Microchip\xc8\v2.00\pic\include\pic16f887.h"
   532                           CM2CON1 equ 0109h ;# 
   533  0109                     # 3247 "C:\Program Files (x86)\Microchip\xc8\v2.00\pic\include\pic16f887.h"
   534                           EEDATA equ 010Ch ;# 
   535  010C                     # 3252 "C:\Program Files (x86)\Microchip\xc8\v2.00\pic\include\pic16f887.h"
   536                           EEDAT equ 010Ch ;# 
   537  010C                     # 3259 "C:\Program Files (x86)\Microchip\xc8\v2.00\pic\include\pic16f887.h"
   538                           EEADR equ 010Dh ;# 
   539  010D                     # 3266 "C:\Program Files (x86)\Microchip\xc8\v2.00\pic\include\pic16f887.h"
   540                           EEDATH equ 010Eh ;# 
   541  010E                     # 3273 "C:\Program Files (x86)\Microchip\xc8\v2.00\pic\include\pic16f887.h"
   542                           EEADRH equ 010Fh ;# 
   543  010F                     # 3280 "C:\Program Files (x86)\Microchip\xc8\v2.00\pic\include\pic16f887.h"
   544                           SRCON equ 0185h ;# 
   545  0185                     # 3337 "C:\Program Files (x86)\Microchip\xc8\v2.00\pic\include\pic16f887.h"
   546                           BAUDCTL equ 0187h ;# 
   547  0187                     # 3389 "C:\Program Files (x86)\Microchip\xc8\v2.00\pic\include\pic16f887.h"
   548                           ANSEL equ 0188h ;# 
   549  0188                     # 3451 "C:\Program Files (x86)\Microchip\xc8\v2.00\pic\include\pic16f887.h"
   550                           ANSELH equ 0189h ;# 
   551  0189                     # 3501 "C:\Program Files (x86)\Microchip\xc8\v2.00\pic\include\pic16f887.h"
   552                           EECON1 equ 018Ch ;# 
   553  018C                     # 3546 "C:\Program Files (x86)\Microchip\xc8\v2.00\pic\include\pic16f887.h"
   554                           EECON2 equ 018Dh ;# 
   555  018D                     	FNCALL	_main,_I2C_Slave_Init
   556                           	FNROOT	_main
   557                           	FNCALL	intlevel1,_ISR
   558                           	global	intlevel1
   559                           	FNROOT	intlevel1
   560                           	global	_SISMO
   561                           	global	_z
   562                           	global	_eleccion
   563                           	global	_PORTBbits
   564                           _PORTBbits	set	0x6
   565  0006                     	global	_PORTD
   566                           _PORTD	set	0x8
   567  0008                     	global	_SSPCONbits
   568                           _SSPCONbits	set	0x14
   569  0014                     	global	_PIR1bits
   570                           _PIR1bits	set	0xC
   571  000C                     	global	_SSPBUF
   572                           _SSPBUF	set	0x13
   573  0013                     	global	_SSPCON
   574                           _SSPCON	set	0x14
   575  0014                     	global	_RD0
   576                           _RD0	set	0x40
   577  0040                     	global	_SSPIF
   578                           _SSPIF	set	0x63
   579  0063                     	global	_PEIE
   580                           _PEIE	set	0x5E
   581  005E                     	global	_GIE
   582                           _GIE	set	0x5F
   583  005F                     	global	_TRISD
   584                           _TRISD	set	0x88
   585  0088                     	global	_TRISB
   586                           _TRISB	set	0x86
   587  0086                     	global	_TRISC
   588                           _TRISC	set	0x87
   589  0087                     	global	_TRISA
   590                           _TRISA	set	0x85
   591  0085                     	global	_SSPSTATbits
   592                           _SSPSTATbits	set	0x94
   593  0094                     	global	_SSPCON2bits
   594                           _SSPCON2bits	set	0x91
   595  0091                     	global	_TRISCbits
   596                           _TRISCbits	set	0x87
   597  0087                     	global	_SSPSTAT
   598                           _SSPSTAT	set	0x94
   599  0094                     	global	_SSPADD
   600                           _SSPADD	set	0x93
   601  0093                     	global	_SSPCON2
   602                           _SSPCON2	set	0x91
   603  0091                     	global	_BF
   604                           _BF	set	0x4A0
   605  04A0                     	global	_SSPIE
   606                           _SSPIE	set	0x463
   607  0463                     	global	_TRISC4
   608                           _TRISC4	set	0x43C
   609  043C                     	global	_TRISC3
   610                           _TRISC3	set	0x43B
   611  043B                     	global	_ANSELH
   612                           _ANSELH	set	0x189
   613  0189                     	global	_ANSEL
   614                           _ANSEL	set	0x188
   615  0188                     ; #config settings
   616                           global __CFG_FOSC$INTRC_NOCLKOUT
   617                           __CFG_FOSC$INTRC_NOCLKOUT equ 0x0
   618  0000                     global __CFG_WDTE$OFF
   619                           __CFG_WDTE$OFF equ 0x0
   620  0000                     global __CFG_PWRTE$OFF
   621                           __CFG_PWRTE$OFF equ 0x0
   622  0000                     global __CFG_MCLRE$OFF
   623                           __CFG_MCLRE$OFF equ 0x0
   624  0000                     global __CFG_CP$OFF
   625                           __CFG_CP$OFF equ 0x0
   626  0000                     global __CFG_CPD$OFF
   627                           __CFG_CPD$OFF equ 0x0
   628  0000                     global __CFG_BOREN$OFF
   629                           __CFG_BOREN$OFF equ 0x0
   630  0000                     global __CFG_IESO$OFF
   631                           __CFG_IESO$OFF equ 0x0
   632  0000                     global __CFG_FCMEN$OFF
   633                           __CFG_FCMEN$OFF equ 0x0
   634  0000                     global __CFG_LVP$OFF
   635                           __CFG_LVP$OFF equ 0x0
   636  0000                     global __CFG_BOR4V$BOR40V
   637                           __CFG_BOR4V$BOR40V equ 0x0
   638  0000                     global __CFG_WRT$OFF
   639                           __CFG_WRT$OFF equ 0x0
   640  0000                     	file	"C:\Users\JOSPEL~1\AppData\Local\Temp\sbgg."
   641                           	line	#
   642                           psect cinit,class=CODE,delta=2
   643                           global start_initialization
   644                           start_initialization:
   645  000F                     
   646                           global __initialization
   647                           __initialization:
   648  000F                     psect	bssCOMMON,class=COMMON,space=1,noexec
   649                           global __pbssCOMMON
   650                           __pbssCOMMON:
   651  0074                     _SISMO:
   652  0074                            ds      1
   653  0074                     
   654                           _z:
   655  0075                            ds      1
   656  0075                     
   657                           _eleccion:
   658  0076                            ds      1
   659  0076                     
   660                           	file	"C:\Users\JOSPEL~1\AppData\Local\Temp\sbgg."
   661                           	line	#
   662                           ; Clear objects allocated to COMMON
   663                           psect cinit,class=CODE,delta=2,merge=1
   664                           	clrf	((__pbssCOMMON)+0)&07Fh
   665  000F  01F4               	clrf	((__pbssCOMMON)+1)&07Fh
   666  0010  01F5               	clrf	((__pbssCOMMON)+2)&07Fh
   667  0011  01F6               psect cinit,class=CODE,delta=2,merge=1
   668                           global end_of_initialization,__end_of__initialization
   669                           
   670                           ;End of C runtime variable initialization code
   671                           
   672                           end_of_initialization:
   673  0012                     __end_of__initialization:
   674  0012                     clrf status
   675  0012  0183               ljmp _main	;jump to C main() function
   676  0013  120A  118A  2883   psect	cstackCOMMON,class=COMMON,space=1,noexec
   677                           global __pcstackCOMMON
   678                           __pcstackCOMMON:
   679  0070                     ?_I2C_Slave_Init:	; 1 bytes @ 0x0
   680  0070                     ?_ISR:	; 1 bytes @ 0x0
   681  0070                     ??_ISR:	; 1 bytes @ 0x0
   682  0070                     ?_main:	; 1 bytes @ 0x0
   683  0070                     	ds	3
   684  0070                     ??_I2C_Slave_Init:	; 1 bytes @ 0x3
   685  0073                     	global	I2C_Slave_Init@address
   686                           I2C_Slave_Init@address:	; 1 bytes @ 0x3
   687  0073                     	ds	1
   688  0073                     ??_main:	; 1 bytes @ 0x4
   689  0074                     ;!
   690                           ;!Data Sizes:
   691                           ;!    Strings     0
   692                           ;!    Constant    0
   693                           ;!    Data        0
   694                           ;!    BSS         3
   695                           ;!    Persistent  0
   696                           ;!    Stack       0
   697                           ;!
   698                           ;!Auto Spaces:
   699                           ;!    Space          Size  Autos    Used
   700                           ;!    COMMON           14      4       7
   701                           ;!    BANK0            80      0       0
   702                           ;!    BANK1            80      0       0
   703                           ;!    BANK3            96      0       0
   704                           ;!    BANK2            96      0       0
   705                           
   706                           ;!
   707                           ;!Pointer List with Targets:
   708                           ;!
   709                           ;!    None.
   710                           
   711                           
   712                           ;!
   713                           ;!Critical Paths under _main in COMMON
   714                           ;!
   715                           ;!    _main->_I2C_Slave_Init
   716                           ;!
   717                           ;!Critical Paths under _ISR in COMMON
   718                           ;!
   719                           ;!    None.
   720                           ;!
   721                           ;!Critical Paths under _main in BANK0
   722                           ;!
   723                           ;!    None.
   724                           ;!
   725                           ;!Critical Paths under _ISR in BANK0
   726                           ;!
   727                           ;!    None.
   728                           ;!
   729                           ;!Critical Paths under _main in BANK1
   730                           ;!
   731                           ;!    None.
   732                           ;!
   733                           ;!Critical Paths under _ISR in BANK1
   734                           ;!
   735                           ;!    None.
   736                           ;!
   737                           ;!Critical Paths under _main in BANK3
   738                           ;!
   739                           ;!    None.
   740                           ;!
   741                           ;!Critical Paths under _ISR in BANK3
   742                           ;!
   743                           ;!    None.
   744                           ;!
   745                           ;!Critical Paths under _main in BANK2
   746                           ;!
   747                           ;!    None.
   748                           ;!
   749                           ;!Critical Paths under _ISR in BANK2
   750                           ;!
   751                           ;!    None.
   752                           
   753 ;;
   754 ;;Main: autosize = 0, tempsize = 0, incstack = 0, save=0
   755 ;;
   756                           
   757                           ;!
   758                           ;!Call Graph Tables:
   759                           ;!
   760                           ;! ---------------------------------------------------------------------------------
   761                           ;! (Depth) Function   	        Calls       Base Space   Used Autos Params    Refs
   762                           ;! ---------------------------------------------------------------------------------
   763                           ;! (0) _main                                                 0     0      0      15
   764                           ;!                     _I2C_Slave_Init
   765                           ;! ---------------------------------------------------------------------------------
   766                           ;! (1) _I2C_Slave_Init                                       1     1      0      15
   767                           ;!                                              3 COMMON     1     1      0
   768                           ;! ---------------------------------------------------------------------------------
   769                           ;! Estimated maximum stack depth 1
   770                           ;! ---------------------------------------------------------------------------------
   771                           ;! (Depth) Function   	        Calls       Base Space   Used Autos Params    Refs
   772                           ;! ---------------------------------------------------------------------------------
   773                           ;! (2) _ISR                                                  3     3      0       0
   774                           ;!                                              0 COMMON     3     3      0
   775                           ;! ---------------------------------------------------------------------------------
   776                           ;! Estimated maximum stack depth 2
   777                           ;! ---------------------------------------------------------------------------------
   778                           ;!
   779                           ;! Call Graph Graphs:
   780                           ;!
   781                           ;! _main (ROOT)
   782                           ;!   _I2C_Slave_Init
   783                           ;!
   784                           ;! _ISR (ROOT)
   785                           ;!
   786                           
   787                           ;! Address spaces:
   788                           
   789                           ;!Name               Size   Autos  Total    Cost      Usage
   790                           ;!BITCOMMON            E      0       0       0        0.0%
   791                           ;!EEDATA             100      0       0       0        0.0%
   792                           ;!NULL                 0      0       0       0        0.0%
   793                           ;!CODE                 0      0       0       0        0.0%
   794                           ;!COMMON               E      4       7       1       50.0%
   795                           ;!BITSFR0              0      0       0       1        0.0%
   796                           ;!SFR0                 0      0       0       1        0.0%
   797                           ;!BITSFR1              0      0       0       2        0.0%
   798                           ;!SFR1                 0      0       0       2        0.0%
   799                           ;!STACK                0      0       0       2        0.0%
   800                           ;!ABS                  0      0       7       3        0.0%
   801                           ;!BITBANK0            50      0       0       4        0.0%
   802                           ;!BITSFR3              0      0       0       4        0.0%
   803                           ;!SFR3                 0      0       0       4        0.0%
   804                           ;!BANK0               50      0       0       5        0.0%
   805                           ;!BITSFR2              0      0       0       5        0.0%
   806                           ;!SFR2                 0      0       0       5        0.0%
   807                           ;!BITBANK1            50      0       0       6        0.0%
   808                           ;!BANK1               50      0       0       7        0.0%
   809                           ;!BITBANK3            60      0       0       8        0.0%
   810                           ;!BANK3               60      0       0       9        0.0%
   811                           ;!BITBANK2            60      0       0      10        0.0%
   812                           ;!BANK2               60      0       0      11        0.0%
   813                           ;!DATA                 0      0       7      12        0.0%
   814                           
   815                           	global	_main
   816                           
   817 ;; *************** function _main *****************
   818 ;; Defined at:
   819 ;;		line 70 in file "Slave_Sismo.c"
   820 ;; Parameters:    Size  Location     Type
   821 ;;		None
   822 ;; Auto vars:     Size  Location     Type
   823 ;;		None
   824 ;; Return value:  Size  Location     Type
   825 ;;                  1    wreg      void 
   826 ;; Registers used:
   827 ;;		wreg, status,2, status,0, pclath, cstack
   828 ;; Tracked objects:
   829 ;;		On entry : B00/0
   830 ;;		On exit  : 0/0
   831 ;;		Unchanged: 0/0
   832 ;; Data sizes:     COMMON   BANK0   BANK1   BANK3   BANK2
   833 ;;      Params:         0       0       0       0       0
   834 ;;      Locals:         0       0       0       0       0
   835 ;;      Temps:          0       0       0       0       0
   836 ;;      Totals:         0       0       0       0       0
   837 ;;Total ram usage:        0 bytes
   838 ;; Hardware stack levels required when called:    2
   839 ;; This function calls:
   840 ;;		_I2C_Slave_Init
   841 ;; This function is called by:
   842 ;;		Startup code after reset
   843 ;; This function uses a non-reentrant model
   844 ;;
   845                           psect	maintext,global,class=CODE,delta=2,split=1,group=0
   846                           	file	"Slave_Sismo.c"
   847                           	line	70
   848                           global __pmaintext
   849                           __pmaintext:	;psect for function _main
   850  0083                     psect	maintext
   851                           	file	"Slave_Sismo.c"
   852                           	line	70
   853                           	global	__size_of_main
   854                           	__size_of_main	equ	__end_of_main-_main
   855  0027                     	
   856                           _main:	
   857  0083                     ;incstack = 0
   858                           	opt	stack 6
   859                           ; Regs used in _main: [wreg+status,2+status,0+pclath+cstack]
   860                           	line	71
   861                           	
   862                           l786:	
   863  0083                     ;Slave_Sismo.c: 71:     ANSEL = 0;
   864                           	bsf	status, 5	;RP0=1, select bank3
   865  0083  1683               	bsf	status, 6	;RP1=1, select bank3
   866  0084  1703               	clrf	(392)^0180h	;volatile
   867  0085  0188               	line	72
   868                           ;Slave_Sismo.c: 72:     ANSELH = 0;
   869                           	clrf	(393)^0180h	;volatile
   870  0086  0189               	line	73
   871                           ;Slave_Sismo.c: 73:     TRISA = 0;
   872                           	bsf	status, 5	;RP0=1, select bank1
   873  0087  1683               	bcf	status, 6	;RP1=0, select bank1
   874  0088  1303               	clrf	(133)^080h	;volatile
   875  0089  0185               	line	74
   876                           ;Slave_Sismo.c: 74:     TRISC = 0x00;
   877                           	clrf	(135)^080h	;volatile
   878  008A  0187               	line	75
   879                           	
   880                           l788:	
   881  008B                     ;Slave_Sismo.c: 75:     TRISB = 0xFF;
   882                           	movlw	low(0FFh)
   883  008B  30FF               	movwf	(134)^080h	;volatile
   884  008C  0086               	line	76
   885                           	
   886                           l790:	
   887  008D                     ;Slave_Sismo.c: 76:     TRISD = 0x00;
   888                           	clrf	(136)^080h	;volatile
   889  008D  0188               	line	78
   890                           	
   891                           l792:	
   892  008E                     ;Slave_Sismo.c: 78:     PORTD = 0;
   893                           	bcf	status, 5	;RP0=0, select bank0
   894  008E  1283               	bcf	status, 6	;RP1=0, select bank0
   895  008F  1303               	clrf	(8)	;volatile
   896  0090  0188               	line	81
   897                           	
   898                           l794:	
   899  0091                     ;Slave_Sismo.c: 81:     I2C_Slave_Init(0x20);
   900                           	movlw	low(020h)
   901  0091  3020               	fcall	_I2C_Slave_Init
   902  0092  120A  118A  20AA  120A  118A  	goto	l796
   903  0097  2898               	line	84
   904                           ;Slave_Sismo.c: 84:     while(1){
   905                           	
   906                           l116:	
   907  0098                     	line	86
   908                           	
   909                           l796:	
   910  0098                     ;Slave_Sismo.c: 86:         if (PORTBbits.RB1 == 1){
   911                           	bcf	status, 5	;RP0=0, select bank0
   912  0098  1283               	bcf	status, 6	;RP1=0, select bank0
   913  0099  1303               	btfss	(6),1	;volatile
   914  009A  1C86               	goto	u141
   915  009B  289D               	goto	u140
   916  009C  289E               u141:
   917  009D                     	goto	l800
   918  009D  28A2               u140:
   919  009E                     	line	87
   920                           	
   921                           l798:	
   922  009E                     ;Slave_Sismo.c: 87:             SISMO = 1;
   923                           	clrf	(_SISMO)
   924  009E  01F4               	incf	(_SISMO),f
   925  009F  0AF4               	line	88
   926                           ;Slave_Sismo.c: 88:             RD0 = 1;
   927                           	bsf	(64/8),(64)&7	;volatile
   928  00A0  1408               	line	89
   929                           ;Slave_Sismo.c: 89:         }
   930                           	goto	l796
   931  00A1  2898               	line	90
   932                           ;Slave_Sismo.c: 90:         else {
   933                           	
   934                           l117:	
   935  00A2                     	line	91
   936                           	
   937                           l800:	
   938  00A2                     ;Slave_Sismo.c: 91:             SISMO = 0;
   939                           	clrf	(_SISMO)
   940  00A2  01F4               	line	92
   941                           	
   942                           l802:	
   943  00A3                     ;Slave_Sismo.c: 92:             RD0 = 0;
   944                           	bcf	(64/8),(64)&7	;volatile
   945  00A3  1008               	goto	l796
   946  00A4  2898               	line	93
   947                           ;Slave_Sismo.c: 93:         }
   948                           	
   949                           l118:	
   950  00A5                     	goto	l796
   951  00A5  2898               	line	94
   952                           ;Slave_Sismo.c: 94:     }
   953                           	
   954                           l119:	
   955  00A6                     	goto	l796
   956  00A6  2898               	
   957                           l120:	
   958  00A7                     	line	95
   959                           	
   960                           l121:	
   961  00A7                     	global	start
   962                           	ljmp	start
   963  00A7  120A  118A  280C   	opt stack 0
   964                           GLOBAL	__end_of_main
   965                           	__end_of_main:
   966  00AA                     	signat	_main,89
   967                           	global	_I2C_Slave_Init
   968                           
   969 ;; *************** function _I2C_Slave_Init *****************
   970 ;; Defined at:
   971 ;;		line 90 in file "I2C.c"
   972 ;; Parameters:    Size  Location     Type
   973 ;;  address         1    wreg     unsigned char 
   974 ;; Auto vars:     Size  Location     Type
   975 ;;  address         1    3[COMMON] unsigned char 
   976 ;; Return value:  Size  Location     Type
   977 ;;                  1    wreg      void 
   978 ;; Registers used:
   979 ;;		wreg
   980 ;; Tracked objects:
   981 ;;		On entry : 0/0
   982 ;;		On exit  : 0/0
   983 ;;		Unchanged: 0/0
   984 ;; Data sizes:     COMMON   BANK0   BANK1   BANK3   BANK2
   985 ;;      Params:         0       0       0       0       0
   986 ;;      Locals:         1       0       0       0       0
   987 ;;      Temps:          0       0       0       0       0
   988 ;;      Totals:         1       0       0       0       0
   989 ;;Total ram usage:        1 bytes
   990 ;; Hardware stack levels used:    1
   991 ;; Hardware stack levels required when called:    1
   992 ;; This function calls:
   993 ;;		Nothing
   994 ;; This function is called by:
   995 ;;		_main
   996 ;; This function uses a non-reentrant model
   997 ;;
   998                           psect	text1,local,class=CODE,delta=2,merge=1,group=0
   999                           	file	"I2C.c"
  1000                           	line	90
  1001                           global __ptext1
  1002                           __ptext1:	;psect for function _I2C_Slave_Init
  1003  00AA                     psect	text1
  1004                           	file	"I2C.c"
  1005                           	line	90
  1006                           	global	__size_of_I2C_Slave_Init
  1007                           	__size_of_I2C_Slave_Init	equ	__end_of_I2C_Slave_Init-_I2C_Slave_Init
  1008  001A                     	
  1009                           _I2C_Slave_Init:	
  1010  00AA                     ;incstack = 0
  1011                           	opt	stack 6
  1012                           ; Regs used in _I2C_Slave_Init: [wreg]
  1013                           ;I2C_Slave_Init@address stored from wreg
  1014                           	movwf	(I2C_Slave_Init@address)
  1015  00AA  00F3               	line	92
  1016                           	
  1017                           l698:	
  1018  00AB                     ;I2C.c: 90: void I2C_Slave_Init(uint8_t address);I2C.c: 91: {;I2C.c: 92:     SSPADD = ad
                                 dress;
  1019                           	movf	(I2C_Slave_Init@address),w
  1020  00AB  0873               	bsf	status, 5	;RP0=1, select bank1
  1021  00AC  1683               	bcf	status, 6	;RP1=0, select bank1
  1022  00AD  1303               	movwf	(147)^080h	;volatile
  1023  00AE  0093               	line	93
  1024                           ;I2C.c: 93:     SSPCON = 0x36;
  1025                           	movlw	low(036h)
  1026  00AF  3036               	bcf	status, 5	;RP0=0, select bank0
  1027  00B0  1283               	bcf	status, 6	;RP1=0, select bank0
  1028  00B1  1303               	movwf	(20)	;volatile
  1029  00B2  0094               	line	94
  1030                           ;I2C.c: 94:     SSPSTAT = 0x80;
  1031                           	movlw	low(080h)
  1032  00B3  3080               	bsf	status, 5	;RP0=1, select bank1
  1033  00B4  1683               	bcf	status, 6	;RP1=0, select bank1
  1034  00B5  1303               	movwf	(148)^080h	;volatile
  1035  00B6  0094               	line	95
  1036                           ;I2C.c: 95:     SSPCON2 = 0x01;
  1037                           	movlw	low(01h)
  1038  00B7  3001               	movwf	(145)^080h	;volatile
  1039  00B8  0091               	line	96
  1040                           	
  1041                           l700:	
  1042  00B9                     ;I2C.c: 96:     TRISC3 = 1;
  1043                           	bsf	(1083/8)^080h,(1083)&7	;volatile
  1044  00B9  1587               	line	97
  1045                           	
  1046                           l702:	
  1047  00BA                     ;I2C.c: 97:     TRISC4 = 1;
  1048                           	bsf	(1084/8)^080h,(1084)&7	;volatile
  1049  00BA  1607               	line	98
  1050                           	
  1051                           l704:	
  1052  00BB                     ;I2C.c: 98:     GIE = 1;
  1053                           	bsf	(95/8),(95)&7	;volatile
  1054  00BB  178B               	line	99
  1055                           	
  1056                           l706:	
  1057  00BC                     ;I2C.c: 99:     PEIE = 1;
  1058                           	bsf	(94/8),(94)&7	;volatile
  1059  00BC  170B               	line	100
  1060                           	
  1061                           l708:	
  1062  00BD                     ;I2C.c: 100:     SSPIF = 0;
  1063                           	bcf	status, 5	;RP0=0, select bank0
  1064  00BD  1283               	bcf	status, 6	;RP1=0, select bank0
  1065  00BE  1303               	bcf	(99/8),(99)&7	;volatile
  1066  00BF  118C               	line	101
  1067                           	
  1068                           l710:	
  1069  00C0                     ;I2C.c: 101:     SSPIE = 1;
  1070                           	bsf	status, 5	;RP0=1, select bank1
  1071  00C0  1683               	bcf	status, 6	;RP1=0, select bank1
  1072  00C1  1303               	bsf	(1123/8)^080h,(1123)&7	;volatile
  1073  00C2  158C               	line	102
  1074                           	
  1075                           l55:	
  1076  00C3                     	return
  1077  00C3  0008               	opt stack 0
  1078                           GLOBAL	__end_of_I2C_Slave_Init
  1079                           	__end_of_I2C_Slave_Init:
  1080  00C4                     	signat	_I2C_Slave_Init,4217
  1081                           	global	_ISR
  1082                           
  1083 ;; *************** function _ISR *****************
  1084 ;; Defined at:
  1085 ;;		line 35 in file "Slave_Sismo.c"
  1086 ;; Parameters:    Size  Location     Type
  1087 ;;		None
  1088 ;; Auto vars:     Size  Location     Type
  1089 ;;		None
  1090 ;; Return value:  Size  Location     Type
  1091 ;;                  1    wreg      void 
  1092 ;; Registers used:
  1093 ;;		wreg
  1094 ;; Tracked objects:
  1095 ;;		On entry : 0/0
  1096 ;;		On exit  : 0/0
  1097 ;;		Unchanged: 0/0
  1098 ;; Data sizes:     COMMON   BANK0   BANK1   BANK3   BANK2
  1099 ;;      Params:         0       0       0       0       0
  1100 ;;      Locals:         0       0       0       0       0
  1101 ;;      Temps:          3       0       0       0       0
  1102 ;;      Totals:         3       0       0       0       0
  1103 ;;Total ram usage:        3 bytes
  1104 ;; Hardware stack levels used:    1
  1105 ;; This function calls:
  1106 ;;		Nothing
  1107 ;; This function is called by:
  1108 ;;		Interrupt level 1
  1109 ;; This function uses a non-reentrant model
  1110 ;;
  1111                           psect	text2,local,class=CODE,delta=2,merge=1,group=0
  1112                           	file	"Slave_Sismo.c"
  1113                           	line	35
  1114                           global __ptext2
  1115                           __ptext2:	;psect for function _ISR
  1116  0016                     psect	text2
  1117                           	file	"Slave_Sismo.c"
  1118                           	line	35
  1119                           	global	__size_of_ISR
  1120                           	__size_of_ISR	equ	__end_of_ISR-_ISR
  1121  006D                     	
  1122                           _ISR:	
  1123  0016                     ;incstack = 0
  1124                           	opt	stack 6
  1125                           ; Regs used in _ISR: [wreg]
  1126                           psect	intentry,class=CODE,delta=2
  1127                           global __pintentry
  1128                           __pintentry:
  1129  0004                     global interrupt_function
  1130                           interrupt_function:
  1131  0004                     	global saved_w
  1132                           	saved_w	set	btemp+0
  1133  007E                     	movwf	saved_w
  1134  0004  00FE               	swapf	status,w
  1135  0005  0E03               	movwf	(??_ISR+1)
  1136  0006  00F1               	movf	pclath,w
  1137  0007  080A               	movwf	(??_ISR+2)
  1138  0008  00F2               	ljmp	_ISR
  1139  0009  120A  118A  2816   psect	text2
  1140                           	line	36
  1141                           	
  1142                           i1l752:	
  1143  0016                     ;Slave_Sismo.c: 36:     if(PIR1bits.SSPIF == 1){
  1144                           	bcf	status, 5	;RP0=0, select bank0
  1145  0016  1283               	bcf	status, 6	;RP1=0, select bank0
  1146  0017  1303               	btfss	(12),3	;volatile
  1147  0018  1D8C               	goto	u5_21
  1148  0019  281B               	goto	u5_20
  1149  001A  281C               u5_21:
  1150  001B                     	goto	i1l111
  1151  001B  287C               u5_20:
  1152  001C                     	line	38
  1153                           	
  1154                           i1l754:	
  1155  001C                     ;Slave_Sismo.c: 38:         SSPCONbits.CKP = 0;
  1156                           	bcf	(20),4	;volatile
  1157  001C  1214               	line	40
  1158                           ;Slave_Sismo.c: 40:         if ((SSPCONbits.SSPOV) || (SSPCONbits.WCOL)){
  1159                           	btfsc	(20),6	;volatile
  1160  001D  1B14               	goto	u6_21
  1161  001E  2820               	goto	u6_20
  1162  001F  2821               u6_21:
  1163  0020                     	goto	i1l758
  1164  0020  2826               u6_20:
  1165  0021                     	
  1166                           i1l756:	
  1167  0021                     	btfss	(20),7	;volatile
  1168  0021  1F94               	goto	u7_21
  1169  0022  2824               	goto	u7_20
  1170  0023  2825               u7_21:
  1171  0024                     	goto	i1l766
  1172  0024  282E               u7_20:
  1173  0025                     	goto	i1l758
  1174  0025  2826               	
  1175                           i1l101:	
  1176  0026                     	line	41
  1177                           	
  1178                           i1l758:	
  1179  0026                     ;Slave_Sismo.c: 41:             z = SSPBUF;
  1180                           	movf	(19),w	;volatile
  1181  0026  0813               	movwf	(??_ISR+0)+0
  1182  0027  00F0               	movf	(??_ISR+0)+0,w
  1183  0028  0870               	movwf	(_z)
  1184  0029  00F5               	line	42
  1185                           	
  1186                           i1l760:	
  1187  002A                     ;Slave_Sismo.c: 42:             SSPCONbits.SSPOV = 0;
  1188                           	bcf	(20),6	;volatile
  1189  002A  1314               	line	43
  1190                           	
  1191                           i1l762:	
  1192  002B                     ;Slave_Sismo.c: 43:             SSPCONbits.WCOL = 0;
  1193                           	bcf	(20),7	;volatile
  1194  002B  1394               	line	44
  1195                           	
  1196                           i1l764:	
  1197  002C                     ;Slave_Sismo.c: 44:             SSPCONbits.CKP = 1;
  1198                           	bsf	(20),4	;volatile
  1199  002C  1614               	goto	i1l766
  1200  002D  282E               	line	45
  1201                           ;Slave_Sismo.c: 45:         }
  1202                           	
  1203                           i1l99:	
  1204  002E                     	line	47
  1205                           	
  1206                           i1l766:	
  1207  002E                     ;Slave_Sismo.c: 47:         if(!SSPSTATbits.D_nA && !SSPSTATbits.R_nW) {
  1208                           	bsf	status, 5	;RP0=1, select bank1
  1209  002E  1683               	bcf	status, 6	;RP1=0, select bank1
  1210  002F  1303               	btfsc	(148)^080h,5	;volatile
  1211  0030  1A94               	goto	u8_21
  1212  0031  2833               	goto	u8_20
  1213  0032  2834               u8_21:
  1214  0033                     	goto	i1l102
  1215  0033  2854               u8_20:
  1216  0034                     	
  1217                           i1l768:	
  1218  0034                     	btfsc	(148)^080h,2	;volatile
  1219  0034  1914               	goto	u9_21
  1220  0035  2837               	goto	u9_20
  1221  0036  2838               u9_21:
  1222  0037                     	goto	i1l102
  1223  0037  2854               u9_20:
  1224  0038                     	line	49
  1225                           	
  1226                           i1l770:	
  1227  0038                     ;Slave_Sismo.c: 49:             z = SSPBUF;
  1228                           	bcf	status, 5	;RP0=0, select bank0
  1229  0038  1283               	bcf	status, 6	;RP1=0, select bank0
  1230  0039  1303               	movf	(19),w	;volatile
  1231  003A  0813               	movwf	(??_ISR+0)+0
  1232  003B  00F0               	movf	(??_ISR+0)+0,w
  1233  003C  0870               	movwf	(_z)
  1234  003D  00F5               	line	51
  1235                           	
  1236                           i1l772:	
  1237  003E                     ;Slave_Sismo.c: 51:             PIR1bits.SSPIF = 0;
  1238                           	bcf	(12),3	;volatile
  1239  003E  118C               	line	52
  1240                           	
  1241                           i1l774:	
  1242  003F                     ;Slave_Sismo.c: 52:             SSPCONbits.CKP = 1;
  1243                           	bsf	(20),4	;volatile
  1244  003F  1614               	line	53
  1245                           ;Slave_Sismo.c: 53:             while(!SSPSTATbits.BF);
  1246                           	goto	i1l103
  1247  0040  2841               	
  1248                           i1l104:	
  1249  0041                     	
  1250                           i1l103:	
  1251  0041                     	bsf	status, 5	;RP0=1, select bank1
  1252  0041  1683               	bcf	status, 6	;RP1=0, select bank1
  1253  0042  1303               	btfss	(148)^080h,0	;volatile
  1254  0043  1C14               	goto	u10_21
  1255  0044  2846               	goto	u10_20
  1256  0045  2847               u10_21:
  1257  0046                     	goto	i1l103
  1258  0046  2841               u10_20:
  1259  0047                     	goto	i1l776
  1260  0047  2848               	
  1261                           i1l105:	
  1262  0048                     	line	54
  1263                           	
  1264                           i1l776:	
  1265  0048                     ;Slave_Sismo.c: 54:             eleccion = SSPBUF;
  1266                           	bcf	status, 5	;RP0=0, select bank0
  1267  0048  1283               	bcf	status, 6	;RP1=0, select bank0
  1268  0049  1303               	movf	(19),w	;volatile
  1269  004A  0813               	movwf	(??_ISR+0)+0
  1270  004B  00F0               	movf	(??_ISR+0)+0,w
  1271  004C  0870               	movwf	(_eleccion)
  1272  004D  00F6               	line	55
  1273                           ;Slave_Sismo.c: 55:             _delay((unsigned long)((250)*(8000000/4000000.0)));
  1274                           	opt asmopt_push
  1275                           opt asmopt_off
  1276                           	movlw	166
  1277  004E  30A6               movwf	((??_ISR+0)+0),f
  1278  004F  00F0               	u15_27:
  1279  0050                     decfsz	(??_ISR+0)+0,f
  1280  0050  0BF0               	goto	u15_27
  1281  0051  2850               	nop
  1282  0052  0000               opt asmopt_pop
  1283                           
  1284                           	line	57
  1285                           ;Slave_Sismo.c: 57:         }else if(!SSPSTATbits.D_nA && SSPSTATbits.R_nW){
  1286                           	goto	i1l106
  1287  0053  2878               	
  1288                           i1l102:	
  1289  0054                     	btfsc	(148)^080h,5	;volatile
  1290  0054  1A94               	goto	u11_21
  1291  0055  2857               	goto	u11_20
  1292  0056  2858               u11_21:
  1293  0057                     	goto	i1l106
  1294  0057  2878               u11_20:
  1295  0058                     	
  1296                           i1l778:	
  1297  0058                     	btfss	(148)^080h,2	;volatile
  1298  0058  1D14               	goto	u12_21
  1299  0059  285B               	goto	u12_20
  1300  005A  285C               u12_21:
  1301  005B                     	goto	i1l106
  1302  005B  2878               u12_20:
  1303  005C                     	line	58
  1304                           	
  1305                           i1l780:	
  1306  005C                     ;Slave_Sismo.c: 58:             z = SSPBUF;
  1307                           	bcf	status, 5	;RP0=0, select bank0
  1308  005C  1283               	bcf	status, 6	;RP1=0, select bank0
  1309  005D  1303               	movf	(19),w	;volatile
  1310  005E  0813               	movwf	(??_ISR+0)+0
  1311  005F  00F0               	movf	(??_ISR+0)+0,w
  1312  0060  0870               	movwf	(_z)
  1313  0061  00F5               	line	59
  1314                           	
  1315                           i1l782:	
  1316  0062                     ;Slave_Sismo.c: 59:             BF = 0;
  1317                           	bsf	status, 5	;RP0=1, select bank1
  1318  0062  1683               	bcf	status, 6	;RP1=0, select bank1
  1319  0063  1303               	bcf	(1184/8)^080h,(1184)&7	;volatile
  1320  0064  1014               	line	60
  1321                           ;Slave_Sismo.c: 60:             SSPBUF = SISMO;
  1322                           	movf	(_SISMO),w
  1323  0065  0874               	bcf	status, 5	;RP0=0, select bank0
  1324  0066  1283               	bcf	status, 6	;RP1=0, select bank0
  1325  0067  1303               	movwf	(19)	;volatile
  1326  0068  0093               	line	61
  1327                           	
  1328                           i1l784:	
  1329  0069                     ;Slave_Sismo.c: 61:             SSPCONbits.CKP = 1;
  1330                           	bsf	(20),4	;volatile
  1331  0069  1614               	line	62
  1332                           ;Slave_Sismo.c: 62:             _delay((unsigned long)((250)*(8000000/4000000.0)));
  1333                           	opt asmopt_push
  1334                           opt asmopt_off
  1335                           	movlw	166
  1336  006A  30A6               movwf	((??_ISR+0)+0),f
  1337  006B  00F0               	u16_27:
  1338  006C                     decfsz	(??_ISR+0)+0,f
  1339  006C  0BF0               	goto	u16_27
  1340  006D  286C               	nop
  1341  006E  0000               opt asmopt_pop
  1342                           
  1343                           	line	63
  1344                           ;Slave_Sismo.c: 63:             while(SSPSTATbits.BF);
  1345                           	goto	i1l108
  1346  006F  2870               	
  1347                           i1l109:	
  1348  0070                     	
  1349                           i1l108:	
  1350  0070                     	bsf	status, 5	;RP0=1, select bank1
  1351  0070  1683               	bcf	status, 6	;RP1=0, select bank1
  1352  0071  1303               	btfsc	(148)^080h,0	;volatile
  1353  0072  1814               	goto	u13_21
  1354  0073  2875               	goto	u13_20
  1355  0074  2876               u13_21:
  1356  0075                     	goto	i1l108
  1357  0075  2870               u13_20:
  1358  0076                     	goto	i1l106
  1359  0076  2878               	
  1360                           i1l110:	
  1361  0077                     	goto	i1l106
  1362  0077  2878               	line	64
  1363                           ;Slave_Sismo.c: 64:         }
  1364                           	
  1365                           i1l107:	
  1366  0078                     	
  1367                           i1l106:	
  1368  0078                     	line	66
  1369                           ;Slave_Sismo.c: 66:         PIR1bits.SSPIF = 0;
  1370                           	bcf	status, 5	;RP0=0, select bank0
  1371  0078  1283               	bcf	status, 6	;RP1=0, select bank0
  1372  0079  1303               	bcf	(12),3	;volatile
  1373  007A  118C               	goto	i1l111
  1374  007B  287C               	line	67
  1375                           ;Slave_Sismo.c: 67:     }
  1376                           	
  1377                           i1l98:	
  1378  007C                     	line	68
  1379                           	
  1380                           i1l111:	
  1381  007C                     	movf	(??_ISR+2),w
  1382  007C  0872               	movwf	pclath
  1383  007D  008A               	swapf	(??_ISR+1)^0FFFFFF80h,w
  1384  007E  0E71               	movwf	status
  1385  007F  0083               	swapf	saved_w,f
  1386  0080  0EFE               	swapf	saved_w,w
  1387  0081  0E7E               	retfie
  1388  0082  0009               	opt stack 0
  1389                           GLOBAL	__end_of_ISR
  1390                           	__end_of_ISR:
  1391  0083                     	signat	_ISR,89
  1392                           global	___latbits
  1393                           ___latbits	equ	2
  1394  0002                     	global	btemp
  1395                           	btemp set 07Eh
  1396  007E                     
  1397                           	DABS	1,126,2	;btemp
  1398                           	global	wtemp0
  1399                           	wtemp0 set btemp+0
  1400  007E                     	end


Data Sizes:
    Strings     0
    Constant    0
    Data        0
    BSS         3
    Persistent  0
    Stack       0

Auto Spaces:
    Space          Size  Autos    Used
    COMMON           14      4       7
    BANK0            80      0       0
    BANK1            80      0       0
    BANK3            96      0       0
    BANK2            96      0       0

Pointer List with Targets:

    None.

Critical Paths under _main in COMMON

    _main->_I2C_Slave_Init

Critical Paths under _ISR in COMMON

    None.

Critical Paths under _main in BANK0

    None.

Critical Paths under _ISR in BANK0

    None.

Critical Paths under _main in BANK1

    None.

Critical Paths under _ISR in BANK1

    None.

Critical Paths under _main in BANK3

    None.

Critical Paths under _ISR in BANK3

    None.

Critical Paths under _main in BANK2

    None.

Critical Paths under _ISR in BANK2

    None.

Call Graph Tables:

 ---------------------------------------------------------------------------------
 (Depth) Function   	        Calls       Base Space   Used Autos Params    Refs
 ---------------------------------------------------------------------------------
 (0) _main                                                 0     0      0      15
                     _I2C_Slave_Init
 ---------------------------------------------------------------------------------
 (1) _I2C_Slave_Init                                       1     1      0      15
                                              3 COMMON     1     1      0
 ---------------------------------------------------------------------------------
 Estimated maximum stack depth 1
 ---------------------------------------------------------------------------------
 (Depth) Function   	        Calls       Base Space   Used Autos Params    Refs
 ---------------------------------------------------------------------------------
 (2) _ISR                                                  3     3      0       0
                                              0 COMMON     3     3      0
 ---------------------------------------------------------------------------------
 Estimated maximum stack depth 2
 ---------------------------------------------------------------------------------

 Call Graph Graphs:

 _main (ROOT)
   _I2C_Slave_Init

 _ISR (ROOT)

 Address spaces:
Name               Size   Autos  Total    Cost      Usage
BITCOMMON            E      0       0       0        0.0%
EEDATA             100      0       0       0        0.0%
NULL                 0      0       0       0        0.0%
CODE                 0      0       0       0        0.0%
COMMON               E      4       7       1       50.0%
BITSFR0              0      0       0       1        0.0%
SFR0                 0      0       0       1        0.0%
BITSFR1              0      0       0       2        0.0%
SFR1                 0      0       0       2        0.0%
STACK                0      0       0       2        0.0%
ABS                  0      0       7       3        0.0%
BITBANK0            50      0       0       4        0.0%
BITSFR3              0      0       0       4        0.0%
SFR3                 0      0       0       4        0.0%
BANK0               50      0       0       5        0.0%
BITSFR2              0      0       0       5        0.0%
SFR2                 0      0       0       5        0.0%
BITBANK1            50      0       0       6        0.0%
BANK1               50      0       0       7        0.0%
BITBANK3            60      0       0       8        0.0%
BANK3               60      0       0       9        0.0%
BITBANK2            60      0       0      10        0.0%
BANK2               60      0       0      11        0.0%
DATA                 0      0       7      12        0.0%


Microchip Technology PIC Macro Assembler V2.00 build -1524193055 
Symbol Table                                                                                   Sat Feb 29 11:18:22 2020

                       _z 0075               __CFG_CP$OFF 0000               _SSPSTATbits 0094  
                      _BF 04A0                        l55 00C3                       l120 00A7  
                     l121 00A7                       l116 0098                       l117 00A2  
                     l118 00A5                       l119 00A6                       l700 00B9  
                     l710 00C0                       l702 00BA                       l704 00BB  
                     l800 00A2                       l706 00BC                       l802 00A3  
                     l708 00BD                       l790 008D                       l792 008E  
                     l698 00AB                       l794 0091                       l786 0083  
                     l796 0098                       l788 008B                       l798 009E  
                     _GIE 005F                       _RD0 0040                       u140 009E  
                     u141 009D              __CFG_CPD$OFF 0000                       _ISR 0016  
            __CFG_LVP$OFF 0000                      ?_ISR 0070                      _PEIE 005E  
                    i1l98 007C                      i1l99 002E                      u5_20 001C  
                    u5_21 001B                      u6_20 0021                      u6_21 0020  
                    u7_20 0025                      u7_21 0024                      u8_20 0034  
                    u8_21 0033                      u9_20 0038                      u9_21 0037  
            __CFG_WRT$OFF 0000                      _main 0083                      btemp 007E  
                    start 000C             __CFG_IESO$OFF 0000                     ??_ISR 0070  
                   ?_main 0070             __CFG_WDTE$OFF 0000                     _ANSEL 0188  
                   i1l101 0026                     i1l110 0077                     i1l102 0054  
                   i1l103 0041                     i1l111 007C                     i1l104 0041  
                   i1l105 0048                     i1l106 0078                     i1l107 0078  
                   i1l108 0070                     i1l109 0070                     i1l760 002A  
                   i1l752 0016                     i1l770 0038                     i1l762 002B  
                   i1l754 001C                     i1l780 005C                     i1l772 003E  
                   i1l764 002C                     i1l756 0021                     i1l782 0062  
                   i1l774 003F                     i1l766 002E                     i1l758 0026  
                   i1l784 0069                     i1l776 0048                     i1l768 0034  
                   i1l778 0058                     u10_20 0047                     u10_21 0046  
                   u11_20 0058                     u11_21 0057                     u12_20 005C  
                   u12_21 005B                     u13_20 0076                     u13_21 0075  
                   u15_27 0050                     u16_27 006C                     _PORTD 0008  
                   _SISMO 0074                     _TRISA 0085                     _TRISB 0086  
                   _TRISC 0087                     _TRISD 0088                     _SSPIE 0463  
                   _SSPIF 0063            __CFG_FCMEN$OFF 0000            __CFG_BOREN$OFF 0000  
                   pclath 000A                     status 0003                     wtemp0 007E  
          __CFG_MCLRE$OFF 0000           __initialization 000F              __end_of_main 00AA  
                  ??_main 0074                    _ANSELH 0189                    _SSPADD 0093  
                  _TRISC3 043B                    _TRISC4 043C                    _SSPCON 0014  
                  _SSPBUF 0013            __CFG_PWRTE$OFF 0000                    saved_w 007E  
 __end_of__initialization 0012            __pcstackCOMMON 0070   __size_of_I2C_Slave_Init 001A  
   I2C_Slave_Init@address 0073                __pmaintext 0083                __pintentry 0004  
                 _SSPCON2 0091                   _SSPSTAT 0094                   __ptext1 00AA  
                 __ptext2 0016              __size_of_ISR 006D      end_of_initialization 0012  
          _I2C_Slave_Init 00AA                 _PORTBbits 0006                 _TRISCbits 0087  
  __end_of_I2C_Slave_Init 00C4       start_initialization 000F               __end_of_ISR 0083  
__CFG_FOSC$INTRC_NOCLKOUT 0000           ?_I2C_Slave_Init 0070               __pbssCOMMON 0074  
               ___latbits 0002         interrupt_function 0004                  _PIR1bits 000C  
                _eleccion 0076         __CFG_BOR4V$BOR40V 0000          ??_I2C_Slave_Init 0073  
           __size_of_main 0027                  intlevel1 0000               _SSPCON2bits 0091  
              _SSPCONbits 0014  
